[2026-03-25T09:57:55.009Z] [INFO] Initializing cron jobs...
[2026-03-25T09:57:55.132Z] [INFO] Session status updater cron job scheduled (runs every 15 mins
[2026-03-25T09:57:55.141Z] [INFO] Session reminder cron job scheduled (runs daily at 08:00)
[2026-03-25T09:57:55.142Z] [INFO] All cron jobs initialized successfully
[2026-03-25T10:00:00.037Z] [INFO] === Session Status Update Job Started ===
[2026-03-25T10:00:00.135Z] [INFO] Starting session status update job
[2026-03-25T10:00:00.185Z] [SUCCESS] Session status update completed. Total updated: 0
[2026-03-25T10:00:00.186Z] [INFO] === Session Status Update Job Completed ===
[2026-03-25T10:05:26.015Z] [INFO] Initializing cron jobs...
[2026-03-25T10:05:26.138Z] [INFO] Session status updater cron job scheduled (runs every 15 mins
[2026-03-25T10:05:26.152Z] [INFO] Session reminder cron job scheduled (runs daily at 08:00)
[2026-03-25T10:05:26.153Z] [INFO] All cron jobs initialized successfully
[2026-03-25T10:05:32.215Z] [INFO] Initializing cron jobs...
[2026-03-25T10:05:32.329Z] [INFO] Session status updater cron job scheduled (runs every 15 mins
[2026-03-25T10:05:32.348Z] [INFO] Session reminder cron job scheduled (runs daily at 08:00)
[2026-03-25T10:05:32.350Z] [INFO] All cron jobs initialized successfully
[2026-03-25T10:05:35.833Z] [INFO] Initializing cron jobs...
[2026-03-25T10:05:35.904Z] [INFO] Session status updater cron job scheduled (runs every 15 mins
[2026-03-25T10:05:35.916Z] [INFO] Session reminder cron job scheduled (runs daily at 08:00)
[2026-03-25T10:05:35.919Z] [INFO] All cron jobs initialized successfully
[2026-03-25T10:05:49.199Z] [INFO] Initializing cron jobs...
[2026-03-25T10:05:49.241Z] [INFO] Session status updater cron job scheduled (runs every 15 mins
[2026-03-25T10:05:49.253Z] [INFO] Session reminder cron job scheduled (runs daily at 08:00)
[2026-03-25T10:05:49.254Z] [INFO] All cron jobs initialized successfully
[2026-03-25T10:06:19.493Z] [INFO] Initializing cron jobs...
[2026-03-25T10:06:19.659Z] [INFO] Session status updater cron job scheduled (runs every 15 mins
[2026-03-25T10:06:19.666Z] [INFO] Session reminder cron job scheduled (runs daily at 08:00)
[2026-03-25T10:06:19.668Z] [INFO] All cron jobs initialized successfully
[2026-03-25T10:06:33.593Z] [INFO] Initializing cron jobs...
[2026-03-25T10:06:33.659Z] [INFO] Session status updater cron job scheduled (runs every 15 mins
[2026-03-25T10:06:33.670Z] [INFO] Session reminder cron job scheduled (runs daily at 08:00)
[2026-03-25T10:06:33.672Z] [INFO] All cron jobs initialized successfully
[2026-03-25T10:06:40.806Z] [INFO] Initializing cron jobs...
[2026-03-25T10:06:40.885Z] [INFO] Session status updater cron job scheduled (runs every 15 mins
[2026-03-25T10:06:40.892Z] [INFO] Session reminder cron job scheduled (runs daily at 08:00)
[2026-03-25T10:06:40.894Z] [INFO] All cron jobs initialized successfully
[2026-03-25T10:06:47.532Z] [INFO] Initializing cron jobs...
[2026-03-25T10:06:47.633Z] [INFO] Session status updater cron job scheduled (runs every 15 mins
[2026-03-25T10:06:47.649Z] [INFO] Session reminder cron job scheduled (runs daily at 08:00)
[2026-03-25T10:06:47.653Z] [INFO] All cron jobs initialized successfully
[2026-03-25T10:06:54.121Z] [INFO] Initializing cron jobs...
[2026-03-25T10:06:54.183Z] [INFO] Session status updater cron job scheduled (runs every 15 mins
[2026-03-25T10:06:54.193Z] [INFO] Session reminder cron job scheduled (runs daily at 08:00)
[2026-03-25T10:06:54.195Z] [INFO] All cron jobs initialized successfully
[2026-03-25T10:07:00.736Z] [INFO] Initializing cron jobs...
[2026-03-25T10:07:00.801Z] [INFO] Session status updater cron job scheduled (runs every 15 mins
[2026-03-25T10:07:00.810Z] [INFO] Session reminder cron job scheduled (runs daily at 08:00)
[2026-03-25T10:07:00.811Z] [INFO] All cron jobs initialized successfully
[2026-03-25T10:07:07.850Z] [INFO] Initializing cron jobs...
[2026-03-25T10:07:07.910Z] [INFO] Session status updater cron job scheduled (runs every 15 mins
[2026-03-25T10:07:07.923Z] [INFO] Session reminder cron job scheduled (runs daily at 08:00)
[2026-03-25T10:07:07.927Z] [INFO] All cron jobs initialized successfully
[2026-03-25T10:07:14.656Z] [INFO] Initializing cron jobs...
[2026-03-25T10:07:14.713Z] [INFO] Session status updater cron job scheduled (runs every 15 mins
[2026-03-25T10:07:14.724Z] [INFO] Session reminder cron job scheduled (runs daily at 08:00)
[2026-03-25T10:07:14.725Z] [INFO] All cron jobs initialized successfully
[2026-03-25T10:07:19.562Z] [INFO] Initializing cron jobs...
[2026-03-25T10:07:19.655Z] [INFO] Session status updater cron job scheduled (runs every 15 mins
[2026-03-25T10:07:19.673Z] [INFO] Session reminder cron job scheduled (runs daily at 08:00)
[2026-03-25T10:07:19.676Z] [INFO] All cron jobs initialized successfully
[2026-03-25T10:07:28.783Z] [INFO] Initializing cron jobs...
[2026-03-25T10:07:28.872Z] [INFO] Session status updater cron job scheduled (runs every 15 mins
[2026-03-25T10:07:28.886Z] [INFO] Session reminder cron job scheduled (runs daily at 08:00)
[2026-03-25T10:07:28.887Z] [INFO] All cron jobs initialized successfully
[2026-03-25T10:07:38.803Z] [INFO] Initializing cron jobs...
[2026-03-25T10:07:38.871Z] [INFO] Session status updater cron job scheduled (runs every 15 mins
[2026-03-25T10:07:38.878Z] [INFO] Session reminder cron job scheduled (runs daily at 08:00)
[2026-03-25T10:07:38.881Z] [INFO] All cron jobs initialized successfully
[2026-03-25T10:07:47.466Z] [INFO] Initializing cron jobs...
[2026-03-25T10:07:47.513Z] [INFO] Session status updater cron job scheduled (runs every 15 mins
[2026-03-25T10:07:47.524Z] [INFO] Session reminder cron job scheduled (runs daily at 08:00)
[2026-03-25T10:07:47.525Z] [INFO] All cron jobs initialized successfully
[2026-03-25T10:08:24.004Z] [INFO] Initializing cron jobs...
[2026-03-25T10:08:24.084Z] [INFO] Session status updater cron job scheduled (runs every 15 mins
[2026-03-25T10:08:24.093Z] [INFO] Session reminder cron job scheduled (runs daily at 08:00)
[2026-03-25T10:08:24.093Z] [INFO] All cron jobs initialized successfully
[2026-03-25T10:08:31.604Z] [INFO] Initializing cron jobs...
[2026-03-25T10:08:31.648Z] [INFO] Session status updater cron job scheduled (runs every 15 mins
[2026-03-25T10:08:31.656Z] [INFO] Session reminder cron job scheduled (runs daily at 08:00)
[2026-03-25T10:08:31.657Z] [INFO] All cron jobs initialized successfully
[2026-03-25T10:08:39.505Z] [INFO] Initializing cron jobs...
[2026-03-25T10:08:39.595Z] [INFO] Session status updater cron job scheduled (runs every 15 mins
[2026-03-25T10:08:39.614Z] [INFO] Session reminder cron job scheduled (runs daily at 08:00)
[2026-03-25T10:08:39.619Z] [INFO] All cron jobs initialized successfully
[2026-03-25T10:08:51.335Z] [INFO] Initializing cron jobs...
[2026-03-25T10:08:51.409Z] [INFO] Session status updater cron job scheduled (runs every 15 mins
[2026-03-25T10:08:51.419Z] [INFO] Session reminder cron job scheduled (runs daily at 08:00)
[2026-03-25T10:08:51.420Z] [INFO] All cron jobs initialized successfully
[2026-03-25T10:08:59.461Z] [INFO] Initializing cron jobs...
[2026-03-25T10:08:59.526Z] [INFO] Session status updater cron job scheduled (runs every 15 mins
[2026-03-25T10:08:59.532Z] [INFO] Session reminder cron job scheduled (runs daily at 08:00)
[2026-03-25T10:08:59.535Z] [INFO] All cron jobs initialized successfully
[2026-03-25T10:09:13.121Z] [INFO] Initializing cron jobs...
[2026-03-25T10:09:13.177Z] [INFO] Session status updater cron job scheduled (runs every 15 mins
[2026-03-25T10:09:13.185Z] [INFO] Session reminder cron job scheduled (runs daily at 08:00)
[2026-03-25T10:09:13.188Z] [INFO] All cron jobs initialized successfully
[2026-03-25T10:09:21.794Z] [INFO] Initializing cron jobs...
[2026-03-25T10:09:21.878Z] [INFO] Session status updater cron job scheduled (runs every 15 mins
[2026-03-25T10:09:21.897Z] [INFO] Session reminder cron job scheduled (runs daily at 08:00)
[2026-03-25T10:09:21.905Z] [INFO] All cron jobs initialized successfully
[2026-03-25T10:15:00.027Z] [INFO] === Session Status Update Job Started ===
[2026-03-25T10:15:00.029Z] [INFO] Starting session status update job
[2026-03-25T10:15:00.037Z] [SUCCESS] Session status update completed. Total updated: 0
[2026-03-25T10:15:00.038Z] [INFO] === Session Status Update Job Completed ===
[2026-03-25T10:23:22.198Z] [INFO] Initializing cron jobs...
[2026-03-25T10:23:22.253Z] [INFO] Session status updater cron job scheduled (runs every 15 mins
[2026-03-25T10:23:22.263Z] [INFO] Session reminder cron job scheduled (runs daily at 08:00)
[2026-03-25T10:23:22.264Z] [INFO] All cron jobs initialized successfully
[2026-03-25T10:23:30.351Z] [INFO] Initializing cron jobs...
[2026-03-25T10:23:30.399Z] [INFO] Session status updater cron job scheduled (runs every 15 mins
[2026-03-25T10:23:30.412Z] [INFO] Session reminder cron job scheduled (runs daily at 08:00)
[2026-03-25T10:23:30.413Z] [INFO] All cron jobs initialized successfully
[2026-03-25T10:23:38.225Z] [INFO] Initializing cron jobs...
[2026-03-25T10:23:38.277Z] [INFO] Session status updater cron job scheduled (runs every 15 mins
[2026-03-25T10:23:38.292Z] [INFO] Session reminder cron job scheduled (runs daily at 08:00)
[2026-03-25T10:23:38.293Z] [INFO] All cron jobs initialized successfully
[2026-03-25T10:23:47.303Z] [INFO] Initializing cron jobs...
[2026-03-25T10:23:47.371Z] [INFO] Session status updater cron job scheduled (runs every 15 mins
[2026-03-25T10:23:47.384Z] [INFO] Session reminder cron job scheduled (runs daily at 08:00)
[2026-03-25T10:23:47.385Z] [INFO] All cron jobs initialized successfully
[2026-03-25T10:23:53.918Z] [INFO] Initializing cron jobs...
[2026-03-25T10:23:53.990Z] [INFO] Session status updater cron job scheduled (runs every 15 mins
[2026-03-25T10:23:53.998Z] [INFO] Session reminder cron job scheduled (runs daily at 08:00)
[2026-03-25T10:23:54.000Z] [INFO] All cron jobs initialized successfully
[2026-03-25T10:24:05.282Z] [INFO] Initializing cron jobs...
[2026-03-25T10:24:05.340Z] [INFO] Session status updater cron job scheduled (runs every 15 mins
[2026-03-25T10:24:05.355Z] [INFO] Session reminder cron job scheduled (runs daily at 08:00)
[2026-03-25T10:24:05.356Z] [INFO] All cron jobs initialized successfully
[2026-03-25T10:24:12.835Z] [INFO] Initializing cron jobs...
[2026-03-25T10:24:12.903Z] [INFO] Session status updater cron job scheduled (runs every 15 mins
[2026-03-25T10:24:12.919Z] [INFO] Session reminder cron job scheduled (runs daily at 08:00)
[2026-03-25T10:24:12.921Z] [INFO] All cron jobs initialized successfully
[2026-03-25T10:24:22.444Z] [INFO] Initializing cron jobs...
[2026-03-25T10:24:22.534Z] [INFO] Session status updater cron job scheduled (runs every 15 mins
[2026-03-25T10:24:22.548Z] [INFO] Session reminder cron job scheduled (runs daily at 08:00)
[2026-03-25T10:24:22.549Z] [INFO] All cron jobs initialized successfully
[2026-03-25T10:24:32.053Z] [INFO] Initializing cron jobs...
[2026-03-25T10:24:32.109Z] [INFO] Session status updater cron job scheduled (runs every 15 mins
[2026-03-25T10:24:32.125Z] [INFO] Session reminder cron job scheduled (runs daily at 08:00)
[2026-03-25T10:24:32.126Z] [INFO] All cron jobs initialized successfully
[2026-03-25T10:24:43.368Z] [INFO] Initializing cron jobs...
[2026-03-25T10:24:43.407Z] [INFO] Session status updater cron job scheduled (runs every 15 mins
[2026-03-25T10:24:43.418Z] [INFO] Session reminder cron job scheduled (runs daily at 08:00)
[2026-03-25T10:24:43.419Z] [INFO] All cron jobs initialized successfully
[2026-03-25T10:25:18.706Z] [INFO] Initializing cron jobs...
[2026-03-25T10:25:18.774Z] [INFO] Session status updater cron job scheduled (runs every 15 mins
[2026-03-25T10:25:18.787Z] [INFO] Session reminder cron job scheduled (runs daily at 08:00)
[2026-03-25T10:25:18.788Z] [INFO] All cron jobs initialized successfully
[2026-03-25T10:25:27.037Z] [INFO] Initializing cron jobs...
[2026-03-25T10:25:27.171Z] [INFO] Session status updater cron job scheduled (runs every 15 mins
[2026-03-25T10:25:27.189Z] [INFO] Session reminder cron job scheduled (runs daily at 08:00)
[2026-03-25T10:25:27.201Z] [INFO] All cron jobs initialized successfully
[2026-03-25T10:25:38.086Z] [INFO] Initializing cron jobs...
[2026-03-25T10:25:38.156Z] [INFO] Session status updater cron job scheduled (runs every 15 mins
[2026-03-25T10:25:38.171Z] [INFO] Session reminder cron job scheduled (runs daily at 08:00)
[2026-03-25T10:25:38.173Z] [INFO] All cron jobs initialized successfully
[2026-03-25T10:25:47.239Z] [INFO] Initializing cron jobs...
[2026-03-25T10:25:47.711Z] [INFO] Session status updater cron job scheduled (runs every 15 mins
[2026-03-25T10:25:47.824Z] [INFO] Session reminder cron job scheduled (runs daily at 08:00)
[2026-03-25T10:25:47.831Z] [INFO] All cron jobs initialized successfully
[2026-03-25T10:26:01.273Z] [INFO] Initializing cron jobs...
[2026-03-25T10:26:01.392Z] [INFO] Session status updater cron job scheduled (runs every 15 mins
[2026-03-25T10:26:01.411Z] [INFO] Session reminder cron job scheduled (runs daily at 08:00)
[2026-03-25T10:26:01.418Z] [INFO] All cron jobs initialized successfully
[2026-03-25T10:26:09.278Z] [INFO] Initializing cron jobs...
[2026-03-25T10:26:09.391Z] [INFO] Session status updater cron job scheduled (runs every 15 mins
[2026-03-25T10:26:09.404Z] [INFO] Session reminder cron job scheduled (runs daily at 08:00)
[2026-03-25T10:26:09.405Z] [INFO] All cron jobs initialized successfully
[2026-03-25T10:26:22.174Z] [INFO] Initializing cron jobs...
[2026-03-25T10:26:22.237Z] [INFO] Session status updater cron job scheduled (runs every 15 mins
[2026-03-25T10:26:22.249Z] [INFO] Session reminder cron job scheduled (runs daily at 08:00)
[2026-03-25T10:26:22.249Z] [INFO] All cron jobs initialized successfully
[2026-03-25T10:26:28.585Z] [INFO] Initializing cron jobs...
[2026-03-25T10:26:28.679Z] [INFO] Session status updater cron job scheduled (runs every 15 mins
[2026-03-25T10:26:28.694Z] [INFO] Session reminder cron job scheduled (runs daily at 08:00)
[2026-03-25T10:26:28.696Z] [INFO] All cron jobs initialized successfully
[2026-03-25T10:26:40.828Z] [INFO] Initializing cron jobs...
[2026-03-25T10:26:40.879Z] [INFO] Session status updater cron job scheduled (runs every 15 mins
[2026-03-25T10:26:40.895Z] [INFO] Session reminder cron job scheduled (runs daily at 08:00)
[2026-03-25T10:26:40.897Z] [INFO] All cron jobs initialized successfully
[2026-03-25T10:26:50.141Z] [INFO] Initializing cron jobs...
[2026-03-25T10:26:50.213Z] [INFO] Session status updater cron job scheduled (runs every 15 mins
[2026-03-25T10:26:50.226Z] [INFO] Session reminder cron job scheduled (runs daily at 08:00)
[2026-03-25T10:26:50.227Z] [INFO] All cron jobs initialized successfully
[2026-03-25T10:27:00.554Z] [INFO] Initializing cron jobs...
[2026-03-25T10:27:00.625Z] [INFO] Session status updater cron job scheduled (runs every 15 mins
[2026-03-25T10:27:00.658Z] [INFO] Session reminder cron job scheduled (runs daily at 08:00)
[2026-03-25T10:27:00.664Z] [INFO] All cron jobs initialized successfully
[2026-03-25T10:27:08.808Z] [INFO] Initializing cron jobs...
[2026-03-25T10:27:08.874Z] [INFO] Session status updater cron job scheduled (runs every 15 mins
[2026-03-25T10:27:08.886Z] [INFO] Session reminder cron job scheduled (runs daily at 08:00)
[2026-03-25T10:27:08.887Z] [INFO] All cron jobs initialized successfully
[2026-03-25T10:27:19.423Z] [INFO] Initializing cron jobs...
[2026-03-25T10:27:19.478Z] [INFO] Session status updater cron job scheduled (runs every 15 mins
[2026-03-25T10:27:19.488Z] [INFO] Session reminder cron job scheduled (runs daily at 08:00)
[2026-03-25T10:27:19.488Z] [INFO] All cron jobs initialized successfully
[2026-03-25T10:30:00.036Z] [INFO] === Session Status Update Job Started ===
[2026-03-25T10:30:00.037Z] [INFO] Starting session status update job
[2026-03-25T10:30:00.054Z] [SUCCESS] Session status update completed. Total updated: 0
[2026-03-25T10:30:00.055Z] [INFO] === Session Status Update Job Completed ===
[2026-03-25T10:39:01.729Z] [INFO] Initializing cron jobs...
[2026-03-25T10:39:01.798Z] [INFO] Session status updater cron job scheduled (runs every 15 mins
[2026-03-25T10:39:01.811Z] [INFO] Session reminder cron job scheduled (runs daily at 08:00)
[2026-03-25T10:39:01.812Z] [INFO] All cron jobs initialized successfully
[2026-03-25T10:39:18.037Z] [INFO] Initializing cron jobs...
[2026-03-25T10:39:18.101Z] [INFO] Session status updater cron job scheduled (runs every 15 mins
[2026-03-25T10:39:18.114Z] [INFO] Session reminder cron job scheduled (runs daily at 08:00)
[2026-03-25T10:39:18.115Z] [INFO] All cron jobs initialized successfully
[2026-03-25T10:39:34.949Z] [INFO] Initializing cron jobs...
[2026-03-25T10:39:35.011Z] [INFO] Session status updater cron job scheduled (runs every 15 mins
[2026-03-25T10:39:35.018Z] [INFO] Session reminder cron job scheduled (runs daily at 08:00)
[2026-03-25T10:39:35.019Z] [INFO] All cron jobs initialized successfully
[2026-03-25T10:40:08.347Z] [INFO] Initializing cron jobs...
[2026-03-25T10:40:08.401Z] [INFO] Session status updater cron job scheduled (runs every 15 mins
[2026-03-25T10:40:08.414Z] [INFO] Session reminder cron job scheduled (runs daily at 08:00)
[2026-03-25T10:40:08.415Z] [INFO] All cron jobs initialized successfully
[2026-03-25T10:40:19.687Z] [INFO] Initializing cron jobs...
[2026-03-25T10:40:19.765Z] [INFO] Session status updater cron job scheduled (runs every 15 mins
[2026-03-25T10:40:19.772Z] [INFO] Session reminder cron job scheduled (runs daily at 08:00)
[2026-03-25T10:40:19.776Z] [INFO] All cron jobs initialized successfully
[2026-03-25T10:40:29.311Z] [INFO] Initializing cron jobs...
[2026-03-25T10:40:29.370Z] [INFO] Session status updater cron job scheduled (runs every 15 mins
[2026-03-25T10:40:29.379Z] [INFO] Session reminder cron job scheduled (runs daily at 08:00)
[2026-03-25T10:40:29.380Z] [INFO] All cron jobs initialized successfully
[2026-03-25T10:40:37.438Z] [INFO] Initializing cron jobs...
[2026-03-25T10:40:37.478Z] [INFO] Session status updater cron job scheduled (runs every 15 mins
[2026-03-25T10:40:37.484Z] [INFO] Session reminder cron job scheduled (runs daily at 08:00)
[2026-03-25T10:40:37.485Z] [INFO] All cron jobs initialized successfully
[2026-03-25T10:40:45.171Z] [INFO] Initializing cron jobs...
[2026-03-25T10:40:45.249Z] [INFO] Session status updater cron job scheduled (runs every 15 mins
[2026-03-25T10:40:45.263Z] [INFO] Session reminder cron job scheduled (runs daily at 08:00)
[2026-03-25T10:40:45.266Z] [INFO] All cron jobs initialized successfully
[2026-03-25T10:41:08.234Z] [INFO] Initializing cron jobs...
[2026-03-25T10:41:08.304Z] [INFO] Session status updater cron job scheduled (runs every 15 mins
[2026-03-25T10:41:08.315Z] [INFO] Session reminder cron job scheduled (runs daily at 08:00)
[2026-03-25T10:41:08.318Z] [INFO] All cron jobs initialized successfully
[2026-03-25T10:45:00.031Z] [INFO] === Session Status Update Job Started ===
[2026-03-25T10:45:00.033Z] [INFO] Starting session status update job
[2026-03-25T10:45:00.043Z] [SUCCESS] Session status update completed. Total updated: 0
[2026-03-25T10:45:00.043Z] [INFO] === Session Status Update Job Completed ===
[2026-03-25T11:00:00.020Z] [INFO] === Session Status Update Job Started ===
[2026-03-25T11:00:00.021Z] [INFO] Starting session status update job
[2026-03-25T11:00:00.026Z] [SUCCESS] Session status update completed. Total updated: 0
[2026-03-25T11:00:00.027Z] [INFO] === Session Status Update Job Completed ===
[2026-03-25T11:15:00.021Z] [INFO] === Session Status Update Job Started ===
[2026-03-25T11:15:00.021Z] [INFO] Starting session status update job
[2026-03-25T11:15:00.026Z] [SUCCESS] Session status update completed. Total updated: 0
[2026-03-25T11:15:00.026Z] [INFO] === Session Status Update Job Completed ===
[2026-03-25T11:30:00.020Z] [INFO] === Session Status Update Job Started ===
[2026-03-25T11:30:00.021Z] [INFO] Starting session status update job
[2026-03-25T11:30:00.025Z] [SUCCESS] Session status update completed. Total updated: 0
[2026-03-25T11:30:00.025Z] [INFO] === Session Status Update Job Completed ===
[2026-03-25T11:45:00.020Z] [INFO] === Session Status Update Job Started ===
[2026-03-25T11:45:00.021Z] [INFO] Starting session status update job
[2026-03-25T11:45:00.025Z] [SUCCESS] Session status update completed. Total updated: 0
[2026-03-25T11:45:00.026Z] [INFO] === Session Status Update Job Completed ===
[2026-03-25T12:00:00.018Z] [INFO] === Session Status Update Job Started ===
[2026-03-25T12:00:00.019Z] [INFO] Starting session status update job
[2026-03-25T12:00:00.024Z] [SUCCESS] Session status update completed. Total updated: 0
[2026-03-25T12:00:00.025Z] [INFO] === Session Status Update Job Completed ===
[2026-03-25T12:15:00.023Z] [INFO] === Session Status Update Job Started ===
[2026-03-25T12:15:00.025Z] [INFO] Starting session status update job
[2026-03-25T12:15:00.032Z] [SUCCESS] Session status update completed. Total updated: 0
[2026-03-25T12:15:00.033Z] [INFO] === Session Status Update Job Completed ===
[2026-03-25T12:30:00.013Z] [INFO] === Session Status Update Job Started ===
[2026-03-25T12:30:00.014Z] [INFO] Starting session status update job
[2026-03-25T12:30:00.019Z] [SUCCESS] Session status update completed. Total updated: 0
[2026-03-25T12:30:00.020Z] [INFO] === Session Status Update Job Completed ===
[2026-03-25T12:45:00.019Z] [INFO] === Session Status Update Job Started ===
[2026-03-25T12:45:00.020Z] [INFO] Starting session status update job
[2026-03-25T12:45:00.025Z] [SUCCESS] Session status update completed. Total updated: 0
[2026-03-25T12:45:00.026Z] [INFO] === Session Status Update Job Completed ===
[2026-03-25T13:00:00.037Z] [INFO] === Session Status Update Job Started ===
[2026-03-25T13:00:00.039Z] [INFO] Starting session status update job
[2026-03-25T13:00:00.053Z] [SUCCESS] Session status update completed. Total updated: 0
[2026-03-25T13:00:00.054Z] [INFO] === Session Status Update Job Completed ===
[2026-03-25T13:08:00.927Z] [INFO] Initializing cron jobs...
[2026-03-25T13:08:00.982Z] [INFO] Session status updater cron job scheduled (runs every 15 mins
[2026-03-25T13:08:00.989Z] [INFO] Session reminder cron job scheduled (runs daily at 08:00)
[2026-03-25T13:08:00.990Z] [INFO] All cron jobs initialized successfully
[2026-03-25T13:08:06.147Z] [INFO] Initializing cron jobs...
[2026-03-25T13:08:06.187Z] [INFO] Session status updater cron job scheduled (runs every 15 mins
[2026-03-25T13:08:06.196Z] [INFO] Session reminder cron job scheduled (runs daily at 08:00)
[2026-03-25T13:08:06.196Z] [INFO] All cron jobs initialized successfully
[2026-03-25T13:10:04.014Z] [INFO] Initializing cron jobs...
[2026-03-25T13:10:04.101Z] [INFO] Session status updater cron job scheduled (runs every 15 mins
[2026-03-25T13:10:04.111Z] [INFO] Session reminder cron job scheduled (runs daily at 08:00)
[2026-03-25T13:10:04.117Z] [INFO] All cron jobs initialized successfully
[2026-03-25T13:10:10.174Z] [INFO] Initializing cron jobs...
[2026-03-25T13:10:10.288Z] [INFO] Session status updater cron job scheduled (runs every 15 mins
[2026-03-25T13:10:10.304Z] [INFO] Session reminder cron job scheduled (runs daily at 08:00)
[2026-03-25T13:10:10.305Z] [INFO] All cron jobs initialized successfully
[2026-03-25T13:10:22.604Z] [INFO] Initializing cron jobs...
[2026-03-25T13:10:22.809Z] [INFO] Session status updater cron job scheduled (runs every 15 mins
[2026-03-25T13:10:22.835Z] [INFO] Session reminder cron job scheduled (runs daily at 08:00)
[2026-03-25T13:10:22.838Z] [INFO] All cron jobs initialized successfully
[2026-03-25T13:10:32.334Z] [INFO] Initializing cron jobs...
[2026-03-25T13:10:32.441Z] [INFO] Session status updater cron job scheduled (runs every 15 mins
[2026-03-25T13:10:32.455Z] [INFO] Session reminder cron job scheduled (runs daily at 08:00)
[2026-03-25T13:10:32.457Z] [INFO] All cron jobs initialized successfully
[2026-03-25T13:10:41.076Z] [INFO] Initializing cron jobs...
[2026-03-25T13:10:41.159Z] [INFO] Session status updater cron job scheduled (runs every 15 mins
[2026-03-25T13:10:41.174Z] [INFO] Session reminder cron job scheduled (runs daily at 08:00)
[2026-03-25T13:10:41.175Z] [INFO] All cron jobs initialized successfully
[2026-03-25T13:10:53.087Z] [INFO] Initializing cron jobs...
[2026-03-25T13:10:53.205Z] [INFO] Session status updater cron job scheduled (runs every 15 mins
[2026-03-25T13:10:53.224Z] [INFO] Session reminder cron job scheduled (runs daily at 08:00)
[2026-03-25T13:10:53.226Z] [INFO] All cron jobs initialized successfully
[2026-03-25T13:11:05.653Z] [INFO] Initializing cron jobs...
[2026-03-25T13:11:05.821Z] [INFO] Session status updater cron job scheduled (runs every 15 mins
[2026-03-25T13:11:05.861Z] [INFO] Session reminder cron job scheduled (runs daily at 08:00)
[2026-03-25T13:11:05.866Z] [INFO] All cron jobs initialized successfully
[2026-03-25T13:15:00.030Z] [INFO] === Session Status Update Job Started ===
[2026-03-25T13:15:00.031Z] [INFO] Starting session status update job
[2026-03-25T13:15:00.043Z] [SUCCESS] Session status update completed. Total updated: 0
[2026-03-25T13:15:00.045Z] [INFO] === Session Status Update Job Completed ===
[2026-03-25T13:16:43.238Z] [INFO] Initializing cron jobs...
[2026-03-25T13:16:43.284Z] [INFO] Session status updater cron job scheduled (runs every 15 mins
[2026-03-25T13:16:43.298Z] [INFO] Session reminder cron job scheduled (runs daily at 08:00)
[2026-03-25T13:16:43.298Z] [INFO] All cron jobs initialized successfully
[2026-03-25T13:25:15.275Z] [INFO] Initializing cron jobs...
[2026-03-25T13:25:15.321Z] [INFO] Session status updater cron job scheduled (runs every 15 mins
[2026-03-25T13:25:15.328Z] [INFO] Session reminder cron job scheduled (runs daily at 08:00)
[2026-03-25T13:25:15.329Z] [INFO] All cron jobs initialized successfully
[2026-03-25T13:25:26.429Z] [INFO] Initializing cron jobs...
[2026-03-25T13:25:26.517Z] [INFO] Session status updater cron job scheduled (runs every 15 mins
[2026-03-25T13:25:26.534Z] [INFO] Session reminder cron job scheduled (runs daily at 08:00)
[2026-03-25T13:25:26.535Z] [INFO] All cron jobs initialized successfully
[2026-03-25T13:26:02.115Z] [INFO] Initializing cron jobs...
[2026-03-25T13:26:02.236Z] [INFO] Session status updater cron job scheduled (runs every 15 mins
[2026-03-25T13:26:02.278Z] [INFO] Session reminder cron job scheduled (runs daily at 08:00)
[2026-03-25T13:26:02.299Z] [INFO] All cron jobs initialized successfully
[2026-03-25T13:26:03.967Z] [INFO] Initializing cron jobs...
[2026-03-25T13:26:04.047Z] [INFO] Session status updater cron job scheduled (runs every 15 mins
[2026-03-25T13:26:04.065Z] [INFO] Session reminder cron job scheduled (runs daily at 08:00)
[2026-03-25T13:26:04.067Z] [INFO] All cron jobs initialized successfully
[2026-03-25T13:26:06.970Z] [INFO] Initializing cron jobs...
[2026-03-25T13:26:07.080Z] [INFO] Session status updater cron job scheduled (runs every 15 mins
[2026-03-25T13:26:07.094Z] [INFO] Session reminder cron job scheduled (runs daily at 08:00)
[2026-03-25T13:26:07.100Z] [INFO] All cron jobs initialized successfully
[2026-03-25T13:26:15.452Z] [INFO] Initializing cron jobs...
[2026-03-25T13:26:15.488Z] [INFO] Session status updater cron job scheduled (runs every 15 mins
[2026-03-25T13:26:15.503Z] [INFO] Session reminder cron job scheduled (runs daily at 08:00)
[2026-03-25T13:26:15.503Z] [INFO] All cron jobs initialized successfully
[2026-03-25T13:29:39.785Z] [INFO] Initializing cron jobs...
[2026-03-25T13:29:39.870Z] [INFO] Session status updater cron job scheduled (runs every 15 mins
[2026-03-25T13:29:39.880Z] [INFO] Session reminder cron job scheduled (runs daily at 08:00)
[2026-03-25T13:29:39.883Z] [INFO] All cron jobs initialized successfully
[2026-03-25T13:29:47.742Z] [INFO] Initializing cron jobs...
[2026-03-25T13:29:47.824Z] [INFO] Session status updater cron job scheduled (runs every 15 mins
[2026-03-25T13:29:47.834Z] [INFO] Session reminder cron job scheduled (runs daily at 08:00)
[2026-03-25T13:29:47.835Z] [INFO] All cron jobs initialized successfully
[2026-03-25T13:29:54.391Z] [INFO] Initializing cron jobs...
[2026-03-25T13:29:54.437Z] [INFO] Session status updater cron job scheduled (runs every 15 mins
[2026-03-25T13:29:54.451Z] [INFO] Session reminder cron job scheduled (runs daily at 08:00)
[2026-03-25T13:29:54.454Z] [INFO] All cron jobs initialized successfully
[2026-03-25T13:30:01.664Z] [INFO] Initializing cron jobs...
[2026-03-25T13:30:03.842Z] [INFO] Initializing cron jobs...
[2026-03-25T13:30:03.912Z] [INFO] Session status updater cron job scheduled (runs every 15 mins
[2026-03-25T13:30:03.923Z] [INFO] Session reminder cron job scheduled (runs daily at 08:00)
[2026-03-25T13:30:03.925Z] [INFO] All cron jobs initialized successfully
[2026-03-25T13:30:12.377Z] [INFO] Initializing cron jobs...
[2026-03-25T13:30:12.426Z] [INFO] Session status updater cron job scheduled (runs every 15 mins
[2026-03-25T13:30:12.436Z] [INFO] Session reminder cron job scheduled (runs daily at 08:00)
[2026-03-25T13:30:12.437Z] [INFO] All cron jobs initialized successfully
[2026-03-25T13:30:26.166Z] [INFO] Initializing cron jobs...
[2026-03-25T13:30:26.331Z] [INFO] Session status updater cron job scheduled (runs every 15 mins
[2026-03-25T13:30:26.374Z] [INFO] Session reminder cron job scheduled (runs daily at 08:00)
[2026-03-25T13:30:26.385Z] [INFO] All cron jobs initialized successfully
[2026-03-25T13:30:34.344Z] [INFO] Initializing cron jobs...
[2026-03-25T13:30:34.408Z] [INFO] Session status updater cron job scheduled (runs every 15 mins
[2026-03-25T13:30:34.419Z] [INFO] Session reminder cron job scheduled (runs daily at 08:00)
[2026-03-25T13:30:34.420Z] [INFO] All cron jobs initialized successfully
[2026-03-25T13:30:40.822Z] [INFO] Initializing cron jobs...
[2026-03-25T13:30:40.875Z] [INFO] Session status updater cron job scheduled (runs every 15 mins
[2026-03-25T13:30:40.890Z] [INFO] Session reminder cron job scheduled (runs daily at 08:00)
[2026-03-25T13:30:40.892Z] [INFO] All cron jobs initialized successfully
[2026-03-25T13:30:46.752Z] [INFO] Initializing cron jobs...
[2026-03-25T13:30:46.825Z] [INFO] Session status updater cron job scheduled (runs every 15 mins
[2026-03-25T13:30:46.860Z] [INFO] Session reminder cron job scheduled (runs daily at 08:00)
[2026-03-25T13:30:46.868Z] [INFO] All cron jobs initialized successfully
[2026-03-25T13:30:54.775Z] [INFO] Initializing cron jobs...
[2026-03-25T13:30:54.859Z] [INFO] Session status updater cron job scheduled (runs every 15 mins
[2026-03-25T13:30:54.891Z] [INFO] Session reminder cron job scheduled (runs daily at 08:00)
[2026-03-25T13:30:54.892Z] [INFO] All cron jobs initialized successfully
[2026-03-25T13:30:59.449Z] [INFO] Initializing cron jobs...
[2026-03-25T13:30:59.654Z] [INFO] Session status updater cron job scheduled (runs every 15 mins
[2026-03-25T13:30:59.675Z] [INFO] Session reminder cron job scheduled (runs daily at 08:00)
[2026-03-25T13:30:59.677Z] [INFO] All cron jobs initialized successfully
[2026-03-25T13:31:10.969Z] [INFO] Initializing cron jobs...
[2026-03-25T13:31:11.040Z] [INFO] Session status updater cron job scheduled (runs every 15 mins
[2026-03-25T13:31:11.054Z] [INFO] Session reminder cron job scheduled (runs daily at 08:00)
[2026-03-25T13:31:11.055Z] [INFO] All cron jobs initialized successfully
[2026-03-25T13:31:20.749Z] [INFO] Initializing cron jobs...
[2026-03-25T13:31:20.823Z] [INFO] Session status updater cron job scheduled (runs every 15 mins
[2026-03-25T13:31:20.836Z] [INFO] Session reminder cron job scheduled (runs daily at 08:00)
[2026-03-25T13:31:20.839Z] [INFO] All cron jobs initialized successfully
[2026-03-25T13:32:33.310Z] [INFO] Initializing cron jobs...
[2026-03-25T13:32:33.341Z] [INFO] Session status updater cron job scheduled (runs every 15 mins
[2026-03-25T13:32:33.347Z] [INFO] Session reminder cron job scheduled (runs daily at 08:00)
[2026-03-25T13:32:33.348Z] [INFO] All cron jobs initialized successfully
[2026-03-25T13:32:39.599Z] [INFO] Initializing cron jobs...
[2026-03-25T13:32:39.636Z] [INFO] Session status updater cron job scheduled (runs every 15 mins
[2026-03-25T13:32:39.645Z] [INFO] Session reminder cron job scheduled (runs daily at 08:00)
[2026-03-25T13:32:39.646Z] [INFO] All cron jobs initialized successfully
[2026-03-25T13:32:40.999Z] [INFO] Initializing cron jobs...
[2026-03-25T13:32:41.035Z] [INFO] Session status updater cron job scheduled (runs every 15 mins
[2026-03-25T13:32:41.046Z] [INFO] Session reminder cron job scheduled (runs daily at 08:00)
[2026-03-25T13:32:41.047Z] [INFO] All cron jobs initialized successfully
[2026-03-25T13:33:06.989Z] [INFO] Initializing cron jobs...
[2026-03-25T13:33:07.027Z] [INFO] Session status updater cron job scheduled (runs every 15 mins
[2026-03-25T13:33:07.033Z] [INFO] Session reminder cron job scheduled (runs daily at 08:00)
[2026-03-25T13:33:07.035Z] [INFO] All cron jobs initialized successfully
[2026-03-25T13:38:57.056Z] [INFO] Initializing cron jobs...
[2026-03-25T13:38:57.137Z] [INFO] Session status updater cron job scheduled (runs every 15 mins
[2026-03-25T13:38:57.146Z] [INFO] Session reminder cron job scheduled (runs daily at 08:00)
[2026-03-25T13:38:57.149Z] [INFO] All cron jobs initialized successfully
[2026-03-25T13:39:17.475Z] [INFO] Initializing cron jobs...
[2026-03-25T13:39:17.591Z] [INFO] Session status updater cron job scheduled (runs every 15 mins
[2026-03-25T13:39:17.613Z] [INFO] Session reminder cron job scheduled (runs daily at 08:00)
[2026-03-25T13:39:17.618Z] [INFO] All cron jobs initialized successfully
[2026-03-25T13:39:30.771Z] [INFO] Initializing cron jobs...
[2026-03-25T13:39:30.896Z] [INFO] Session status updater cron job scheduled (runs every 15 mins
[2026-03-25T13:39:30.929Z] [INFO] Session reminder cron job scheduled (runs daily at 08:00)
[2026-03-25T13:39:30.933Z] [INFO] All cron jobs initialized successfully
[2026-03-25T13:40:10.018Z] [INFO] Initializing cron jobs...
[2026-03-25T13:40:10.060Z] [INFO] Session status updater cron job scheduled (runs every 15 mins
[2026-03-25T13:40:10.074Z] [INFO] Session reminder cron job scheduled (runs daily at 08:00)
[2026-03-25T13:40:10.074Z] [INFO] All cron jobs initialized successfully
[2026-03-25T13:40:22.536Z] [INFO] Initializing cron jobs...
[2026-03-25T13:40:22.642Z] [INFO] Session status updater cron job scheduled (runs every 15 mins
[2026-03-25T13:40:22.657Z] [INFO] Session reminder cron job scheduled (runs daily at 08:00)
[2026-03-25T13:40:22.659Z] [INFO] All cron jobs initialized successfully
[2026-03-25T13:45:00.044Z] [INFO] === Session Status Update Job Started ===
[2026-03-25T13:45:00.087Z] [INFO] Starting session status update job
[2026-03-25T13:45:00.101Z] [SUCCESS] Session status update completed. Total updated: 0
[2026-03-25T13:45:00.102Z] [INFO] === Session Status Update Job Completed ===
[2026-03-25T13:45:32.686Z] [INFO] Initializing cron jobs...
[2026-03-25T13:45:32.721Z] [INFO] Session status updater cron job scheduled (runs every 15 mins
[2026-03-25T13:45:32.729Z] [INFO] Session reminder cron job scheduled (runs daily at 08:00)
[2026-03-25T13:45:32.730Z] [INFO] All cron jobs initialized successfully
[2026-03-25T13:46:23.405Z] [INFO] Initializing cron jobs...
[2026-03-25T13:46:23.442Z] [INFO] Session status updater cron job scheduled (runs every 15 mins
[2026-03-25T13:46:23.453Z] [INFO] Session reminder cron job scheduled (runs daily at 08:00)
[2026-03-25T13:46:23.454Z] [INFO] All cron jobs initialized successfully
[2026-03-25T13:46:25.421Z] [INFO] Initializing cron jobs...
[2026-03-25T13:46:25.486Z] [INFO] Session status updater cron job scheduled (runs every 15 mins
[2026-03-25T13:46:25.497Z] [INFO] Session reminder cron job scheduled (runs daily at 08:00)
[2026-03-25T13:46:25.499Z] [INFO] All cron jobs initialized successfully
[2026-03-25T13:46:26.692Z] [INFO] Initializing cron jobs...
[2026-03-25T13:46:26.732Z] [INFO] Session status updater cron job scheduled (runs every 15 mins
[2026-03-25T13:46:26.737Z] [INFO] Session reminder cron job scheduled (runs daily at 08:00)
[2026-03-25T13:46:26.738Z] [INFO] All cron jobs initialized successfully
[2026-03-25T13:49:07.371Z] [INFO] Initializing cron jobs...
[2026-03-25T13:49:07.490Z] [INFO] Session status updater cron job scheduled (runs every 15 mins
[2026-03-25T13:49:07.510Z] [INFO] Session reminder cron job scheduled (runs daily at 08:00)
[2026-03-25T13:49:07.514Z] [INFO] All cron jobs initialized successfully
[2026-03-25T13:49:11.924Z] [INFO] Initializing cron jobs...
[2026-03-25T13:49:11.976Z] [INFO] Session status updater cron job scheduled (runs every 15 mins
[2026-03-25T13:49:11.983Z] [INFO] Session reminder cron job scheduled (runs daily at 08:00)
[2026-03-25T13:49:11.987Z] [INFO] All cron jobs initialized successfully
[2026-03-25T13:49:21.795Z] [INFO] Initializing cron jobs...
[2026-03-25T13:49:21.848Z] [INFO] Session status updater cron job scheduled (runs every 15 mins
[2026-03-25T13:49:21.858Z] [INFO] Session reminder cron job scheduled (runs daily at 08:00)
[2026-03-25T13:49:21.859Z] [INFO] All cron jobs initialized successfully
[2026-03-25T13:49:29.894Z] [INFO] Initializing cron jobs...
[2026-03-25T13:49:30.005Z] [INFO] Session status updater cron job scheduled (runs every 15 mins
[2026-03-25T13:49:30.019Z] [INFO] Session reminder cron job scheduled (runs daily at 08:00)
[2026-03-25T13:49:30.020Z] [INFO] All cron jobs initialized successfully
[2026-03-25T13:50:03.497Z] [INFO] Initializing cron jobs...
[2026-03-25T13:50:03.592Z] [INFO] Session status updater cron job scheduled (runs every 15 mins
[2026-03-25T13:50:03.644Z] [INFO] Session reminder cron job scheduled (runs daily at 08:00)
[2026-03-25T13:50:03.661Z] [INFO] All cron jobs initialized successfully
[2026-03-25T13:53:33.892Z] [INFO] Initializing cron jobs...
[2026-03-25T13:53:33.931Z] [INFO] Session status updater cron job scheduled (runs every 15 mins
[2026-03-25T13:53:33.936Z] [INFO] Session reminder cron job scheduled (runs daily at 08:00)
[2026-03-25T13:53:33.937Z] [INFO] All cron jobs initialized successfully
[2026-03-25T13:55:15.867Z] [INFO] Initializing cron jobs...
[2026-03-25T13:55:15.905Z] [INFO] Session status updater cron job scheduled (runs every 15 mins
[2026-03-25T13:55:15.915Z] [INFO] Session reminder cron job scheduled (runs daily at 08:00)
[2026-03-25T13:55:15.916Z] [INFO] All cron jobs initialized successfully
[2026-03-25T13:55:54.768Z] [INFO] Initializing cron jobs...
[2026-03-25T13:55:54.908Z] [INFO] Session status updater cron job scheduled (runs every 15 mins
[2026-03-25T13:55:54.927Z] [INFO] Session reminder cron job scheduled (runs daily at 08:00)
[2026-03-25T13:55:54.932Z] [INFO] All cron jobs initialized successfully
[2026-03-25T14:00:00.045Z] [INFO] === Session Status Update Job Started ===
[2026-03-25T14:00:00.048Z] [INFO] Starting session status update job
[2026-03-25T14:00:00.060Z] [SUCCESS] Session status update completed. Total updated: 0
[2026-03-25T14:00:00.061Z] [INFO] === Session Status Update Job Completed ===
[2026-03-25T14:00:53.380Z] [INFO] Initializing cron jobs...
[2026-03-25T14:00:53.437Z] [INFO] Session status updater cron job scheduled (runs every 15 mins
[2026-03-25T14:00:53.448Z] [INFO] Session reminder cron job scheduled (runs daily at 08:00)
[2026-03-25T14:00:53.449Z] [INFO] All cron jobs initialized successfully
[2026-03-25T14:02:18.202Z] [INFO] Initializing cron jobs...
[2026-03-25T14:02:18.247Z] [INFO] Session status updater cron job scheduled (runs every 15 mins
[2026-03-25T14:02:18.255Z] [INFO] Session reminder cron job scheduled (runs daily at 08:00)
[2026-03-25T14:02:18.258Z] [INFO] All cron jobs initialized successfully
[2026-03-25T14:15:00.026Z] [INFO] === Session Status Update Job Started ===
[2026-03-25T14:15:00.030Z] [INFO] Starting session status update job
[2026-03-25T14:15:00.050Z] [SUCCESS] Session status update completed. Total updated: 0
[2026-03-25T14:15:00.051Z] [INFO] === Session Status Update Job Completed ===
[2026-03-25T14:30:00.021Z] [INFO] === Session Status Update Job Started ===
[2026-03-25T14:30:00.026Z] [INFO] Starting session status update job
[2026-03-25T14:30:00.033Z] [SUCCESS] Session status update completed. Total updated: 0
[2026-03-25T14:30:00.034Z] [INFO] === Session Status Update Job Completed ===
[2026-03-25T14:45:00.018Z] [INFO] === Session Status Update Job Started ===
[2026-03-25T14:45:00.020Z] [INFO] Starting session status update job
[2026-03-25T14:45:00.026Z] [SUCCESS] Session status update completed. Total updated: 0
[2026-03-25T14:45:00.027Z] [INFO] === Session Status Update Job Completed ===
[2026-03-25T15:00:00.027Z] [INFO] === Session Status Update Job Started ===
[2026-03-25T15:00:00.030Z] [INFO] Starting session status update job
[2026-03-25T15:00:00.042Z] [SUCCESS] Session status update completed. Total updated: 0
[2026-03-25T15:00:00.043Z] [INFO] === Session Status Update Job Completed ===
[2026-03-25T15:15:00.024Z] [INFO] === Session Status Update Job Started ===
[2026-03-25T15:15:00.026Z] [INFO] Starting session status update job
[2026-03-25T15:15:00.035Z] [SUCCESS] Session status update completed. Total updated: 0
[2026-03-25T15:15:00.036Z] [INFO] === Session Status Update Job Completed ===
[2026-03-25T15:30:00.024Z] [INFO] === Session Status Update Job Started ===
[2026-03-25T15:30:00.026Z] [INFO] Starting session status update job
[2026-03-25T15:30:00.040Z] [SUCCESS] Session status update completed. Total updated: 0
[2026-03-25T15:30:00.040Z] [INFO] === Session Status Update Job Completed ===
[2026-03-25T15:45:00.024Z] [INFO] === Session Status Update Job Started ===
[2026-03-25T15:45:00.026Z] [INFO] Starting session status update job
[2026-03-25T15:45:00.031Z] [SUCCESS] Session status update completed. Total updated: 0
[2026-03-25T15:45:00.031Z] [INFO] === Session Status Update Job Completed ===
