[2026-03-26T16:00:00.029Z] [INFO] === Session Status Update Job Started ===
[2026-03-26T16:00:00.032Z] [INFO] Starting session status update job
[2026-03-26T16:00:00.038Z] [SUCCESS] Session status update completed. Total updated: 0
[2026-03-26T16:00:00.039Z] [INFO] === Session Status Update Job Completed ===
[2026-03-26T16:07:55.464Z] [INFO] Initializing cron jobs...
[2026-03-26T16:07:55.505Z] [INFO] Session status updater cron job scheduled (runs every 15 mins
[2026-03-26T16:07:55.512Z] [INFO] Session reminder cron job scheduled (runs daily at 08:00)
[2026-03-26T16:07:55.514Z] [INFO] All cron jobs initialized successfully
[2026-03-26T16:08:23.522Z] [INFO] Initializing cron jobs...
[2026-03-26T16:08:23.565Z] [INFO] Session status updater cron job scheduled (runs every 15 mins
[2026-03-26T16:08:23.576Z] [INFO] Session reminder cron job scheduled (runs daily at 08:00)
[2026-03-26T16:08:23.577Z] [INFO] All cron jobs initialized successfully
[2026-03-26T16:08:29.193Z] [INFO] Initializing cron jobs...
[2026-03-26T16:08:29.228Z] [INFO] Session status updater cron job scheduled (runs every 15 mins
[2026-03-26T16:08:29.239Z] [INFO] Session reminder cron job scheduled (runs daily at 08:00)
[2026-03-26T16:08:29.240Z] [INFO] All cron jobs initialized successfully
[2026-03-26T16:11:35.351Z] [INFO] Initializing cron jobs...
[2026-03-26T16:11:35.420Z] [INFO] Session status updater cron job scheduled (runs every 15 mins
[2026-03-26T16:11:35.431Z] [INFO] Session reminder cron job scheduled (runs daily at 08:00)
[2026-03-26T16:11:35.432Z] [INFO] All cron jobs initialized successfully
[2026-03-26T16:11:51.525Z] [INFO] Initializing cron jobs...
[2026-03-26T16:11:51.622Z] [INFO] Session status updater cron job scheduled (runs every 15 mins
[2026-03-26T16:11:51.633Z] [INFO] Session reminder cron job scheduled (runs daily at 08:00)
[2026-03-26T16:11:51.636Z] [INFO] All cron jobs initialized successfully
[2026-03-26T16:15:00.023Z] [INFO] === Session Status Update Job Started ===
[2026-03-26T16:15:00.074Z] [INFO] Starting session status update job
[2026-03-26T16:15:00.092Z] [SUCCESS] Session status update completed. Total updated: 0
[2026-03-26T16:15:00.094Z] [INFO] === Session Status Update Job Completed ===
[2026-03-26T16:30:00.040Z] [INFO] === Session Status Update Job Started ===
[2026-03-26T16:30:00.042Z] [INFO] Starting session status update job
[2026-03-26T16:30:00.048Z] [SUCCESS] Session status update completed. Total updated: 0
[2026-03-26T16:30:00.048Z] [INFO] === Session Status Update Job Completed ===
[2026-03-26T16:45:00.026Z] [INFO] === Session Status Update Job Started ===
[2026-03-26T16:45:00.026Z] [INFO] Starting session status update job
[2026-03-26T16:45:00.032Z] [SUCCESS] Session status update completed. Total updated: 0
[2026-03-26T16:45:00.032Z] [INFO] === Session Status Update Job Completed ===
[2026-03-26T17:00:00.025Z] [INFO] === Session Status Update Job Started ===
[2026-03-26T17:00:00.026Z] [INFO] Starting session status update job
[2026-03-26T17:00:00.039Z] [SUCCESS] Session status update completed. Total updated: 0
[2026-03-26T17:00:00.040Z] [INFO] === Session Status Update Job Completed ===
[2026-03-26T17:15:00.021Z] [INFO] === Session Status Update Job Started ===
[2026-03-26T17:15:00.023Z] [INFO] Starting session status update job
[2026-03-26T17:15:00.028Z] [SUCCESS] Session status update completed. Total updated: 0
[2026-03-26T17:15:00.029Z] [INFO] === Session Status Update Job Completed ===
[2026-03-26T17:30:00.020Z] [INFO] === Session Status Update Job Started ===
[2026-03-26T17:30:00.022Z] [INFO] Starting session status update job
[2026-03-26T17:30:00.030Z] [SUCCESS] Session status update completed. Total updated: 0
[2026-03-26T17:30:00.031Z] [INFO] === Session Status Update Job Completed ===
[2026-03-26T17:45:00.019Z] [INFO] === Session Status Update Job Started ===
[2026-03-26T17:45:00.022Z] [INFO] Starting session status update job
[2026-03-26T17:45:00.027Z] [SUCCESS] Session status update completed. Total updated: 0
[2026-03-26T17:45:00.028Z] [INFO] === Session Status Update Job Completed ===
[2026-03-26T18:00:00.025Z] [INFO] === Session Status Update Job Started ===
[2026-03-26T18:00:00.027Z] [INFO] Starting session status update job
[2026-03-26T18:00:00.032Z] [SUCCESS] Session status update completed. Total updated: 0
[2026-03-26T18:00:00.033Z] [INFO] === Session Status Update Job Completed ===
[2026-03-26T18:15:00.060Z] [INFO] === Session Status Update Job Started ===
[2026-03-26T18:15:00.062Z] [INFO] Starting session status update job
[2026-03-26T18:15:00.075Z] [SUCCESS] Session status update completed. Total updated: 0
[2026-03-26T18:15:00.076Z] [INFO] === Session Status Update Job Completed ===
[2026-03-26T18:30:00.029Z] [INFO] === Session Status Update Job Started ===
[2026-03-26T18:30:00.031Z] [INFO] Starting session status update job
[2026-03-26T18:30:00.039Z] [SUCCESS] Session status update completed. Total updated: 0
[2026-03-26T18:30:00.040Z] [INFO] === Session Status Update Job Completed ===
[2026-03-26T18:45:00.025Z] [INFO] === Session Status Update Job Started ===
[2026-03-26T18:45:00.026Z] [INFO] Starting session status update job
[2026-03-26T18:45:00.031Z] [SUCCESS] Session status update completed. Total updated: 0
[2026-03-26T18:45:00.031Z] [INFO] === Session Status Update Job Completed ===
[2026-03-26T19:00:00.021Z] [INFO] === Session Status Update Job Started ===
[2026-03-26T19:00:00.022Z] [INFO] Starting session status update job
[2026-03-26T19:00:00.026Z] [SUCCESS] Session status update completed. Total updated: 0
[2026-03-26T19:00:00.027Z] [INFO] === Session Status Update Job Completed ===
[2026-03-26T19:15:00.036Z] [INFO] === Session Status Update Job Started ===
[2026-03-26T19:15:00.038Z] [INFO] Starting session status update job
[2026-03-26T19:15:00.066Z] [SUCCESS] Session status update completed. Total updated: 0
[2026-03-26T19:15:00.067Z] [INFO] === Session Status Update Job Completed ===
[2026-03-26T19:30:00.030Z] [INFO] === Session Status Update Job Started ===
[2026-03-26T19:30:00.032Z] [INFO] Starting session status update job
[2026-03-26T19:30:00.039Z] [SUCCESS] Session status update completed. Total updated: 0
[2026-03-26T19:30:00.040Z] [INFO] === Session Status Update Job Completed ===
[2026-03-26T19:45:00.031Z] [INFO] === Session Status Update Job Started ===
[2026-03-26T19:45:00.033Z] [INFO] Starting session status update job
[2026-03-26T19:45:00.039Z] [SUCCESS] Session status update completed. Total updated: 0
[2026-03-26T19:45:00.039Z] [INFO] === Session Status Update Job Completed ===
[2026-03-26T20:15:00.029Z] [INFO] === Session Status Update Job Started ===
[2026-03-26T20:15:00.030Z] [INFO] Starting session status update job
[2026-03-26T20:15:00.034Z] [SUCCESS] Session status update completed. Total updated: 0
[2026-03-26T20:15:00.035Z] [INFO] === Session Status Update Job Completed ===
[2026-03-26T20:30:00.040Z] [INFO] === Session Status Update Job Started ===
[2026-03-26T20:30:00.041Z] [INFO] Starting session status update job
[2026-03-26T20:30:00.049Z] [SUCCESS] Session status update completed. Total updated: 0
[2026-03-26T20:30:00.050Z] [INFO] === Session Status Update Job Completed ===
[2026-03-26T20:45:00.040Z] [INFO] === Session Status Update Job Started ===
[2026-03-26T20:45:00.042Z] [INFO] Starting session status update job
[2026-03-26T20:45:00.048Z] [SUCCESS] Session status update completed. Total updated: 0
[2026-03-26T20:45:00.049Z] [INFO] === Session Status Update Job Completed ===
[2026-03-26T21:00:00.024Z] [INFO] === Session Status Update Job Started ===
[2026-03-26T21:00:00.025Z] [INFO] Starting session status update job
[2026-03-26T21:00:00.029Z] [SUCCESS] Session status update completed. Total updated: 0
[2026-03-26T21:00:00.030Z] [INFO] === Session Status Update Job Completed ===
[2026-03-26T21:15:00.044Z] [INFO] === Session Status Update Job Started ===
[2026-03-26T21:15:00.047Z] [INFO] Starting session status update job
[2026-03-26T21:15:00.055Z] [SUCCESS] Session status update completed. Total updated: 0
[2026-03-26T21:15:00.055Z] [INFO] === Session Status Update Job Completed ===
[2026-03-26T21:30:00.023Z] [INFO] === Session Status Update Job Started ===
[2026-03-26T21:30:00.025Z] [INFO] Starting session status update job
[2026-03-26T21:30:00.029Z] [SUCCESS] Session status update completed. Total updated: 0
[2026-03-26T21:30:00.030Z] [INFO] === Session Status Update Job Completed ===
[2026-03-26T21:45:00.026Z] [INFO] === Session Status Update Job Started ===
[2026-03-26T21:45:00.027Z] [INFO] Starting session status update job
[2026-03-26T21:45:00.037Z] [SUCCESS] Session status update completed. Total updated: 0
[2026-03-26T21:45:00.038Z] [INFO] === Session Status Update Job Completed ===
[2026-03-26T22:00:00.044Z] [INFO] === Session Status Update Job Started ===
[2026-03-26T22:00:00.046Z] [INFO] Starting session status update job
[2026-03-26T22:00:00.059Z] [SUCCESS] Session status update completed. Total updated: 0
[2026-03-26T22:00:00.061Z] [INFO] === Session Status Update Job Completed ===
[2026-03-26T22:15:00.032Z] [INFO] === Session Status Update Job Started ===
[2026-03-26T22:15:00.036Z] [INFO] Starting session status update job
[2026-03-26T22:15:00.043Z] [SUCCESS] Session status update completed. Total updated: 0
[2026-03-26T22:15:00.044Z] [INFO] === Session Status Update Job Completed ===
[2026-03-26T22:30:00.020Z] [INFO] === Session Status Update Job Started ===
[2026-03-26T22:30:00.021Z] [INFO] Starting session status update job
[2026-03-26T22:30:00.027Z] [SUCCESS] Session status update completed. Total updated: 0
[2026-03-26T22:30:00.027Z] [INFO] === Session Status Update Job Completed ===
[2026-03-26T22:45:00.023Z] [INFO] === Session Status Update Job Started ===
[2026-03-26T22:45:00.025Z] [INFO] Starting session status update job
[2026-03-26T22:45:00.036Z] [SUCCESS] Session status update completed. Total updated: 0
[2026-03-26T22:45:00.037Z] [INFO] === Session Status Update Job Completed ===
[2026-03-26T23:00:00.021Z] [INFO] === Session Status Update Job Started ===
[2026-03-26T23:00:00.022Z] [INFO] Starting session status update job
[2026-03-26T23:00:00.027Z] [SUCCESS] Session status update completed. Total updated: 0
[2026-03-26T23:00:00.027Z] [INFO] === Session Status Update Job Completed ===
[2026-03-26T23:15:00.034Z] [INFO] === Session Status Update Job Started ===
[2026-03-26T23:15:00.039Z] [INFO] Starting session status update job
[2026-03-26T23:15:00.050Z] [SUCCESS] Session status update completed. Total updated: 0
[2026-03-26T23:15:00.051Z] [INFO] === Session Status Update Job Completed ===
[2026-03-26T23:30:00.024Z] [INFO] === Session Status Update Job Started ===
[2026-03-26T23:30:00.026Z] [INFO] Starting session status update job
[2026-03-26T23:30:00.031Z] [SUCCESS] Session status update completed. Total updated: 0
[2026-03-26T23:30:00.032Z] [INFO] === Session Status Update Job Completed ===
[2026-03-26T23:45:00.025Z] [INFO] === Session Status Update Job Started ===
[2026-03-26T23:45:00.026Z] [INFO] Starting session status update job
[2026-03-26T23:45:00.035Z] [SUCCESS] Session status update completed. Total updated: 0
[2026-03-26T23:45:00.035Z] [INFO] === Session Status Update Job Completed ===
[2026-03-27T00:00:00.029Z] [INFO] === Session Status Update Job Started ===
[2026-03-27T00:00:00.030Z] [INFO] Starting session status update job
[2026-03-27T00:00:00.034Z] [SUCCESS] Session status update completed. Total updated: 0
[2026-03-27T00:00:00.035Z] [INFO] === Session Status Update Job Completed ===
[2026-03-27T00:15:00.026Z] [INFO] === Session Status Update Job Started ===
[2026-03-27T00:15:00.027Z] [INFO] Starting session status update job
[2026-03-27T00:15:00.032Z] [SUCCESS] Session status update completed. Total updated: 0
[2026-03-27T00:15:00.033Z] [INFO] === Session Status Update Job Completed ===
[2026-03-27T00:30:00.017Z] [INFO] === Session Status Update Job Started ===
[2026-03-27T00:30:00.020Z] [INFO] Starting session status update job
[2026-03-27T00:30:00.028Z] [SUCCESS] Session status update completed. Total updated: 0
[2026-03-27T00:30:00.028Z] [INFO] === Session Status Update Job Completed ===
[2026-03-27T00:45:00.037Z] [INFO] === Session Status Update Job Started ===
[2026-03-27T00:45:00.039Z] [INFO] Starting session status update job
[2026-03-27T00:45:00.046Z] [SUCCESS] Session status update completed. Total updated: 0
[2026-03-27T00:45:00.047Z] [INFO] === Session Status Update Job Completed ===
[2026-03-27T00:59:40.132Z] [INFO] Initializing cron jobs...
[2026-03-27T00:59:40.222Z] [INFO] Session status updater cron job scheduled (runs every 15 mins
[2026-03-27T00:59:40.256Z] [INFO] Session reminder cron job scheduled (runs daily at 08:00)
[2026-03-27T00:59:40.257Z] [INFO] All cron jobs initialized successfully
[2026-03-27T01:00:00.039Z] [INFO] === Session Status Update Job Started ===
[2026-03-27T01:00:00.041Z] [INFO] Starting session status update job
[2026-03-27T01:00:00.058Z] [SUCCESS] Session status update completed. Total updated: 0
[2026-03-27T01:00:00.059Z] [INFO] === Session Status Update Job Completed ===
[2026-03-27T01:15:00.049Z] [INFO] === Session Status Update Job Started ===
[2026-03-27T01:15:00.051Z] [INFO] Starting session status update job
[2026-03-27T01:15:00.072Z] [SUCCESS] Session status update completed. Total updated: 0
[2026-03-27T01:15:00.073Z] [INFO] === Session Status Update Job Completed ===
[2026-03-27T01:21:45.835Z] [INFO] Initializing cron jobs...
[2026-03-27T01:21:45.906Z] [INFO] Session status updater cron job scheduled (runs every 15 mins
[2026-03-27T01:21:45.916Z] [INFO] Session reminder cron job scheduled (runs daily at 08:00)
[2026-03-27T01:21:45.918Z] [INFO] All cron jobs initialized successfully
[2026-03-27T01:22:56.686Z] [INFO] Initializing cron jobs...
[2026-03-27T01:22:56.732Z] [INFO] Session status updater cron job scheduled (runs every 15 mins
[2026-03-27T01:22:56.737Z] [INFO] Session reminder cron job scheduled (runs daily at 08:00)
[2026-03-27T01:22:56.738Z] [INFO] All cron jobs initialized successfully
[2026-03-27T01:23:49.457Z] [INFO] Initializing cron jobs...
[2026-03-27T01:23:49.508Z] [INFO] Session status updater cron job scheduled (runs every 15 mins
[2026-03-27T01:23:49.517Z] [INFO] Session reminder cron job scheduled (runs daily at 08:00)
[2026-03-27T01:23:49.517Z] [INFO] All cron jobs initialized successfully
[2026-03-27T01:23:58.891Z] [INFO] Initializing cron jobs...
[2026-03-27T01:23:58.924Z] [INFO] Session status updater cron job scheduled (runs every 15 mins
[2026-03-27T01:23:58.933Z] [INFO] Session reminder cron job scheduled (runs daily at 08:00)
[2026-03-27T01:23:58.934Z] [INFO] All cron jobs initialized successfully
[2026-03-27T01:24:59.890Z] [INFO] Initializing cron jobs...
[2026-03-27T01:24:59.932Z] [INFO] Session status updater cron job scheduled (runs every 15 mins
[2026-03-27T01:24:59.939Z] [INFO] Session reminder cron job scheduled (runs daily at 08:00)
[2026-03-27T01:24:59.940Z] [INFO] All cron jobs initialized successfully
[2026-03-27T01:25:03.070Z] [INFO] Initializing cron jobs...
[2026-03-27T01:25:03.122Z] [INFO] Session status updater cron job scheduled (runs every 15 mins
[2026-03-27T01:25:03.127Z] [INFO] Session reminder cron job scheduled (runs daily at 08:00)
[2026-03-27T01:25:03.128Z] [INFO] All cron jobs initialized successfully
[2026-03-27T01:25:06.075Z] [INFO] Initializing cron jobs...
[2026-03-27T01:25:06.128Z] [INFO] Session status updater cron job scheduled (runs every 15 mins
[2026-03-27T01:25:06.136Z] [INFO] Session reminder cron job scheduled (runs daily at 08:00)
[2026-03-27T01:25:06.137Z] [INFO] All cron jobs initialized successfully
[2026-03-27T01:25:09.054Z] [INFO] Initializing cron jobs...
[2026-03-27T01:25:09.104Z] [INFO] Session status updater cron job scheduled (runs every 15 mins
[2026-03-27T01:25:09.110Z] [INFO] Session reminder cron job scheduled (runs daily at 08:00)
[2026-03-27T01:25:09.110Z] [INFO] All cron jobs initialized successfully
[2026-03-27T01:25:13.101Z] [INFO] Initializing cron jobs...
[2026-03-27T01:25:13.143Z] [INFO] Session status updater cron job scheduled (runs every 15 mins
[2026-03-27T01:25:13.155Z] [INFO] Session reminder cron job scheduled (runs daily at 08:00)
[2026-03-27T01:25:13.155Z] [INFO] All cron jobs initialized successfully
[2026-03-27T01:25:20.610Z] [INFO] Initializing cron jobs...
[2026-03-27T01:25:20.644Z] [INFO] Session status updater cron job scheduled (runs every 15 mins
[2026-03-27T01:25:20.653Z] [INFO] Session reminder cron job scheduled (runs daily at 08:00)
[2026-03-27T01:25:20.654Z] [INFO] All cron jobs initialized successfully
[2026-03-27T01:25:25.659Z] [INFO] Initializing cron jobs...
[2026-03-27T01:25:25.705Z] [INFO] Session status updater cron job scheduled (runs every 15 mins
[2026-03-27T01:25:25.711Z] [INFO] Session reminder cron job scheduled (runs daily at 08:00)
[2026-03-27T01:25:25.712Z] [INFO] All cron jobs initialized successfully
[2026-03-27T01:25:28.635Z] [INFO] Initializing cron jobs...
[2026-03-27T01:25:28.701Z] [INFO] Session status updater cron job scheduled (runs every 15 mins
[2026-03-27T01:25:28.709Z] [INFO] Session reminder cron job scheduled (runs daily at 08:00)
[2026-03-27T01:25:28.711Z] [INFO] All cron jobs initialized successfully
[2026-03-27T01:25:31.541Z] [INFO] Initializing cron jobs...
[2026-03-27T01:25:31.589Z] [INFO] Session status updater cron job scheduled (runs every 15 mins
[2026-03-27T01:25:31.606Z] [INFO] Session reminder cron job scheduled (runs daily at 08:00)
[2026-03-27T01:25:31.606Z] [INFO] All cron jobs initialized successfully
[2026-03-27T01:28:46.268Z] [INFO] Initializing cron jobs...
[2026-03-27T01:28:46.310Z] [INFO] Session status updater cron job scheduled (runs every 15 mins
[2026-03-27T01:28:46.317Z] [INFO] Session reminder cron job scheduled (runs daily at 08:00)
[2026-03-27T01:28:46.317Z] [INFO] All cron jobs initialized successfully
[2026-03-27T01:28:49.560Z] [INFO] Initializing cron jobs...
[2026-03-27T01:28:49.680Z] [INFO] Session status updater cron job scheduled (runs every 15 mins
[2026-03-27T01:28:49.698Z] [INFO] Session reminder cron job scheduled (runs daily at 08:00)
[2026-03-27T01:28:49.699Z] [INFO] All cron jobs initialized successfully
[2026-03-27T01:28:51.189Z] [INFO] Initializing cron jobs...
[2026-03-27T01:28:51.226Z] [INFO] Session status updater cron job scheduled (runs every 15 mins
[2026-03-27T01:28:51.231Z] [INFO] Session reminder cron job scheduled (runs daily at 08:00)
[2026-03-27T01:28:51.232Z] [INFO] All cron jobs initialized successfully
[2026-03-27T01:29:02.176Z] [INFO] Initializing cron jobs...
[2026-03-27T01:29:02.302Z] [INFO] Session status updater cron job scheduled (runs every 15 mins
[2026-03-27T01:29:02.324Z] [INFO] Session reminder cron job scheduled (runs daily at 08:00)
[2026-03-27T01:29:02.325Z] [INFO] All cron jobs initialized successfully
[2026-03-27T01:29:05.753Z] [INFO] Initializing cron jobs...
[2026-03-27T01:29:05.845Z] [INFO] Session status updater cron job scheduled (runs every 15 mins
[2026-03-27T01:29:05.862Z] [INFO] Session reminder cron job scheduled (runs daily at 08:00)
[2026-03-27T01:29:05.865Z] [INFO] All cron jobs initialized successfully
[2026-03-27T01:29:06.542Z] [INFO] Initializing cron jobs...
[2026-03-27T01:29:06.615Z] [INFO] Session status updater cron job scheduled (runs every 15 mins
[2026-03-27T01:29:06.629Z] [INFO] Session reminder cron job scheduled (runs daily at 08:00)
[2026-03-27T01:29:06.630Z] [INFO] All cron jobs initialized successfully
[2026-03-27T01:29:09.133Z] [INFO] Initializing cron jobs...
[2026-03-27T01:29:09.179Z] [INFO] Session status updater cron job scheduled (runs every 15 mins
[2026-03-27T01:29:09.186Z] [INFO] Session reminder cron job scheduled (runs daily at 08:00)
[2026-03-27T01:29:09.187Z] [INFO] All cron jobs initialized successfully
[2026-03-27T01:29:40.126Z] [INFO] Initializing cron jobs...
[2026-03-27T01:29:40.180Z] [INFO] Session status updater cron job scheduled (runs every 15 mins
[2026-03-27T01:29:40.187Z] [INFO] Session reminder cron job scheduled (runs daily at 08:00)
[2026-03-27T01:29:40.187Z] [INFO] All cron jobs initialized successfully
[2026-03-27T01:30:00.064Z] [INFO] === Session Status Update Job Started ===
[2026-03-27T01:30:00.148Z] [INFO] Starting session status update job
[2026-03-27T01:30:00.167Z] [SUCCESS] Session status update completed. Total updated: 0
[2026-03-27T01:30:00.168Z] [INFO] === Session Status Update Job Completed ===
[2026-03-27T01:30:04.517Z] [INFO] Initializing cron jobs...
[2026-03-27T01:30:04.605Z] [INFO] Session status updater cron job scheduled (runs every 15 mins
[2026-03-27T01:30:04.614Z] [INFO] Session reminder cron job scheduled (runs daily at 08:00)
[2026-03-27T01:30:04.617Z] [INFO] All cron jobs initialized successfully
[2026-03-27T01:30:13.305Z] [INFO] Initializing cron jobs...
[2026-03-27T01:30:13.365Z] [INFO] Session status updater cron job scheduled (runs every 15 mins
[2026-03-27T01:30:13.378Z] [INFO] Session reminder cron job scheduled (runs daily at 08:00)
[2026-03-27T01:30:13.380Z] [INFO] All cron jobs initialized successfully
[2026-03-27T01:30:27.550Z] [INFO] Initializing cron jobs...
[2026-03-27T01:30:27.654Z] [INFO] Session status updater cron job scheduled (runs every 15 mins
[2026-03-27T01:30:27.668Z] [INFO] Session reminder cron job scheduled (runs daily at 08:00)
[2026-03-27T01:30:27.670Z] [INFO] All cron jobs initialized successfully
[2026-03-27T01:30:34.029Z] [INFO] Initializing cron jobs...
[2026-03-27T01:30:34.226Z] [INFO] Session status updater cron job scheduled (runs every 15 mins
[2026-03-27T01:30:34.238Z] [INFO] Session reminder cron job scheduled (runs daily at 08:00)
[2026-03-27T01:30:34.239Z] [INFO] All cron jobs initialized successfully
[2026-03-27T01:30:48.630Z] [INFO] Initializing cron jobs...
[2026-03-27T01:30:48.705Z] [INFO] Session status updater cron job scheduled (runs every 15 mins
[2026-03-27T01:30:48.722Z] [INFO] Session reminder cron job scheduled (runs daily at 08:00)
[2026-03-27T01:30:48.728Z] [INFO] All cron jobs initialized successfully
[2026-03-27T01:31:05.914Z] [INFO] Initializing cron jobs...
[2026-03-27T01:31:06.109Z] [INFO] Session status updater cron job scheduled (runs every 15 mins
[2026-03-27T01:31:06.123Z] [INFO] Session reminder cron job scheduled (runs daily at 08:00)
[2026-03-27T01:31:06.125Z] [INFO] All cron jobs initialized successfully
[2026-03-27T01:32:02.992Z] [INFO] Initializing cron jobs...
[2026-03-27T01:32:03.086Z] [INFO] Session status updater cron job scheduled (runs every 15 mins
[2026-03-27T01:32:03.101Z] [INFO] Session reminder cron job scheduled (runs daily at 08:00)
[2026-03-27T01:32:03.103Z] [INFO] All cron jobs initialized successfully
[2026-03-27T01:32:09.451Z] [INFO] Initializing cron jobs...
[2026-03-27T01:32:09.545Z] [INFO] Session status updater cron job scheduled (runs every 15 mins
[2026-03-27T01:32:09.554Z] [INFO] Session reminder cron job scheduled (runs daily at 08:00)
[2026-03-27T01:32:09.555Z] [INFO] All cron jobs initialized successfully
[2026-03-27T01:32:14.197Z] [INFO] Initializing cron jobs...
[2026-03-27T01:32:14.285Z] [INFO] Session status updater cron job scheduled (runs every 15 mins
[2026-03-27T01:32:14.303Z] [INFO] Session reminder cron job scheduled (runs daily at 08:00)
[2026-03-27T01:32:14.307Z] [INFO] All cron jobs initialized successfully
[2026-03-27T01:32:22.016Z] [INFO] Initializing cron jobs...
[2026-03-27T01:32:22.304Z] [INFO] Session status updater cron job scheduled (runs every 15 mins
[2026-03-27T01:32:22.321Z] [INFO] Session reminder cron job scheduled (runs daily at 08:00)
[2026-03-27T01:32:22.330Z] [INFO] All cron jobs initialized successfully
[2026-03-27T01:32:25.721Z] [INFO] Initializing cron jobs...
[2026-03-27T01:32:25.834Z] [INFO] Session status updater cron job scheduled (runs every 15 mins
[2026-03-27T01:32:25.852Z] [INFO] Session reminder cron job scheduled (runs daily at 08:00)
[2026-03-27T01:32:25.853Z] [INFO] All cron jobs initialized successfully
[2026-03-27T01:32:35.897Z] [INFO] Initializing cron jobs...
[2026-03-27T01:32:35.984Z] [INFO] Session status updater cron job scheduled (runs every 15 mins
[2026-03-27T01:32:35.996Z] [INFO] Session reminder cron job scheduled (runs daily at 08:00)
[2026-03-27T01:32:35.998Z] [INFO] All cron jobs initialized successfully
[2026-03-27T01:32:41.453Z] [INFO] Initializing cron jobs...
[2026-03-27T01:32:43.462Z] [INFO] Initializing cron jobs...
[2026-03-27T01:32:43.540Z] [INFO] Session status updater cron job scheduled (runs every 15 mins
[2026-03-27T01:32:43.554Z] [INFO] Session reminder cron job scheduled (runs daily at 08:00)
[2026-03-27T01:32:43.557Z] [INFO] All cron jobs initialized successfully
[2026-03-27T01:33:07.591Z] [INFO] Initializing cron jobs...
[2026-03-27T01:33:07.704Z] [INFO] Session status updater cron job scheduled (runs every 15 mins
[2026-03-27T01:33:07.724Z] [INFO] Session reminder cron job scheduled (runs daily at 08:00)
[2026-03-27T01:33:07.733Z] [INFO] All cron jobs initialized successfully
[2026-03-27T01:33:10.839Z] [INFO] Initializing cron jobs...
[2026-03-27T01:33:10.884Z] [INFO] Session status updater cron job scheduled (runs every 15 mins
[2026-03-27T01:33:10.889Z] [INFO] Session reminder cron job scheduled (runs daily at 08:00)
[2026-03-27T01:33:10.890Z] [INFO] All cron jobs initialized successfully
[2026-03-27T01:33:16.204Z] [INFO] Initializing cron jobs...
[2026-03-27T01:33:16.294Z] [INFO] Session status updater cron job scheduled (runs every 15 mins
[2026-03-27T01:33:16.308Z] [INFO] Session reminder cron job scheduled (runs daily at 08:00)
[2026-03-27T01:33:16.316Z] [INFO] All cron jobs initialized successfully
[2026-03-27T01:33:20.981Z] [INFO] Initializing cron jobs...
[2026-03-27T01:33:21.073Z] [INFO] Session status updater cron job scheduled (runs every 15 mins
[2026-03-27T01:33:21.098Z] [INFO] Session reminder cron job scheduled (runs daily at 08:00)
[2026-03-27T01:33:21.100Z] [INFO] All cron jobs initialized successfully
[2026-03-27T01:33:30.836Z] [INFO] Initializing cron jobs...
[2026-03-27T01:33:30.909Z] [INFO] Session status updater cron job scheduled (runs every 15 mins
[2026-03-27T01:33:30.921Z] [INFO] Session reminder cron job scheduled (runs daily at 08:00)
[2026-03-27T01:33:30.922Z] [INFO] All cron jobs initialized successfully
[2026-03-27T01:33:44.728Z] [INFO] Initializing cron jobs...
[2026-03-27T01:33:44.983Z] [INFO] Session status updater cron job scheduled (runs every 15 mins
[2026-03-27T01:33:44.995Z] [INFO] Session reminder cron job scheduled (runs daily at 08:00)
[2026-03-27T01:33:44.998Z] [INFO] All cron jobs initialized successfully
[2026-03-27T01:34:00.357Z] [INFO] Initializing cron jobs...
[2026-03-27T01:34:00.493Z] [INFO] Session status updater cron job scheduled (runs every 15 mins
[2026-03-27T01:34:00.506Z] [INFO] Session reminder cron job scheduled (runs daily at 08:00)
[2026-03-27T01:34:00.507Z] [INFO] All cron jobs initialized successfully
[2026-03-27T01:34:50.254Z] [INFO] Initializing cron jobs...
[2026-03-27T01:34:50.355Z] [INFO] Session status updater cron job scheduled (runs every 15 mins
[2026-03-27T01:34:50.367Z] [INFO] Session reminder cron job scheduled (runs daily at 08:00)
[2026-03-27T01:34:50.369Z] [INFO] All cron jobs initialized successfully
[2026-03-27T01:34:53.686Z] [INFO] Initializing cron jobs...
[2026-03-27T01:34:54.849Z] [INFO] Initializing cron jobs...
[2026-03-27T01:34:54.904Z] [INFO] Session status updater cron job scheduled (runs every 15 mins
[2026-03-27T01:34:54.911Z] [INFO] Session reminder cron job scheduled (runs daily at 08:00)
[2026-03-27T01:34:54.913Z] [INFO] All cron jobs initialized successfully
[2026-03-27T01:34:59.777Z] [INFO] Initializing cron jobs...
[2026-03-27T01:34:59.891Z] [INFO] Session status updater cron job scheduled (runs every 15 mins
[2026-03-27T01:34:59.908Z] [INFO] Session reminder cron job scheduled (runs daily at 08:00)
[2026-03-27T01:34:59.921Z] [INFO] All cron jobs initialized successfully
[2026-03-27T01:35:02.510Z] [INFO] Initializing cron jobs...
[2026-03-27T01:35:02.600Z] [INFO] Session status updater cron job scheduled (runs every 15 mins
[2026-03-27T01:35:02.611Z] [INFO] Session reminder cron job scheduled (runs daily at 08:00)
[2026-03-27T01:35:02.612Z] [INFO] All cron jobs initialized successfully
[2026-03-27T01:35:25.163Z] [INFO] Initializing cron jobs...
[2026-03-27T01:35:25.290Z] [INFO] Session status updater cron job scheduled (runs every 15 mins
[2026-03-27T01:35:25.305Z] [INFO] Session reminder cron job scheduled (runs daily at 08:00)
[2026-03-27T01:35:25.306Z] [INFO] All cron jobs initialized successfully
[2026-03-27T01:35:33.205Z] [INFO] Initializing cron jobs...
[2026-03-27T01:35:33.490Z] [INFO] Session status updater cron job scheduled (runs every 15 mins
[2026-03-27T01:35:33.506Z] [INFO] Session reminder cron job scheduled (runs daily at 08:00)
[2026-03-27T01:35:33.507Z] [INFO] All cron jobs initialized successfully
[2026-03-27T01:35:36.724Z] [INFO] Initializing cron jobs...
[2026-03-27T01:35:36.832Z] [INFO] Session status updater cron job scheduled (runs every 15 mins
[2026-03-27T01:35:36.846Z] [INFO] Session reminder cron job scheduled (runs daily at 08:00)
[2026-03-27T01:35:36.848Z] [INFO] All cron jobs initialized successfully
[2026-03-27T01:37:07.078Z] [INFO] Initializing cron jobs...
[2026-03-27T01:37:07.149Z] [INFO] Session status updater cron job scheduled (runs every 15 mins
[2026-03-27T01:37:07.167Z] [INFO] Session reminder cron job scheduled (runs daily at 08:00)
[2026-03-27T01:37:07.177Z] [INFO] All cron jobs initialized successfully
[2026-03-27T01:37:13.027Z] [INFO] Initializing cron jobs...
[2026-03-27T01:37:13.100Z] [INFO] Session status updater cron job scheduled (runs every 15 mins
[2026-03-27T01:37:13.126Z] [INFO] Session reminder cron job scheduled (runs daily at 08:00)
[2026-03-27T01:37:13.128Z] [INFO] All cron jobs initialized successfully
[2026-03-27T01:37:51.521Z] [INFO] Initializing cron jobs...
[2026-03-27T01:37:51.597Z] [INFO] Session status updater cron job scheduled (runs every 15 mins
[2026-03-27T01:37:51.609Z] [INFO] Session reminder cron job scheduled (runs daily at 08:00)
[2026-03-27T01:37:51.610Z] [INFO] All cron jobs initialized successfully
[2026-03-27T01:37:55.463Z] [INFO] Initializing cron jobs...
[2026-03-27T01:37:55.514Z] [INFO] Session status updater cron job scheduled (runs every 15 mins
[2026-03-27T01:37:55.528Z] [INFO] Session reminder cron job scheduled (runs daily at 08:00)
[2026-03-27T01:37:55.528Z] [INFO] All cron jobs initialized successfully
[2026-03-27T01:38:03.999Z] [INFO] Initializing cron jobs...
[2026-03-27T01:38:04.050Z] [INFO] Session status updater cron job scheduled (runs every 15 mins
[2026-03-27T01:38:04.079Z] [INFO] Session reminder cron job scheduled (runs daily at 08:00)
[2026-03-27T01:38:04.081Z] [INFO] All cron jobs initialized successfully
[2026-03-27T01:38:28.541Z] [INFO] Initializing cron jobs...
[2026-03-27T01:38:28.577Z] [INFO] Session status updater cron job scheduled (runs every 15 mins
[2026-03-27T01:38:28.583Z] [INFO] Session reminder cron job scheduled (runs daily at 08:00)
[2026-03-27T01:38:28.584Z] [INFO] All cron jobs initialized successfully
[2026-03-27T01:41:51.125Z] [INFO] Initializing cron jobs...
[2026-03-27T01:41:51.197Z] [INFO] Session status updater cron job scheduled (runs every 15 mins
[2026-03-27T01:41:51.205Z] [INFO] Session reminder cron job scheduled (runs daily at 08:00)
[2026-03-27T01:41:51.206Z] [INFO] All cron jobs initialized successfully
[2026-03-27T01:41:57.243Z] [INFO] Initializing cron jobs...
[2026-03-27T01:41:57.283Z] [INFO] Session status updater cron job scheduled (runs every 15 mins
[2026-03-27T01:41:57.289Z] [INFO] Session reminder cron job scheduled (runs daily at 08:00)
[2026-03-27T01:41:57.290Z] [INFO] All cron jobs initialized successfully
[2026-03-27T01:45:00.037Z] [INFO] === Session Status Update Job Started ===
[2026-03-27T01:45:00.040Z] [INFO] Starting session status update job
[2026-03-27T01:45:00.054Z] [SUCCESS] Session status update completed. Total updated: 0
[2026-03-27T01:45:00.056Z] [INFO] === Session Status Update Job Completed ===
[2026-03-27T01:49:47.548Z] [INFO] Initializing cron jobs...
[2026-03-27T01:49:47.618Z] [INFO] Session status updater cron job scheduled (runs every 15 mins
[2026-03-27T01:49:47.630Z] [INFO] Session reminder cron job scheduled (runs daily at 08:00)
[2026-03-27T01:49:47.631Z] [INFO] All cron jobs initialized successfully
[2026-03-27T01:49:53.702Z] [INFO] Initializing cron jobs...
[2026-03-27T01:49:53.805Z] [INFO] Session status updater cron job scheduled (runs every 15 mins
[2026-03-27T01:49:53.827Z] [INFO] Session reminder cron job scheduled (runs daily at 08:00)
[2026-03-27T01:49:53.832Z] [INFO] All cron jobs initialized successfully
[2026-03-27T01:50:07.229Z] [INFO] Initializing cron jobs...
[2026-03-27T01:50:07.290Z] [INFO] Session status updater cron job scheduled (runs every 15 mins
[2026-03-27T01:50:07.307Z] [INFO] Session reminder cron job scheduled (runs daily at 08:00)
[2026-03-27T01:50:07.313Z] [INFO] All cron jobs initialized successfully
[2026-03-27T01:50:10.407Z] [INFO] Initializing cron jobs...
[2026-03-27T01:50:10.447Z] [INFO] Session status updater cron job scheduled (runs every 15 mins
[2026-03-27T01:50:10.452Z] [INFO] Session reminder cron job scheduled (runs daily at 08:00)
[2026-03-27T01:50:10.453Z] [INFO] All cron jobs initialized successfully
[2026-03-27T01:50:22.884Z] [INFO] Initializing cron jobs...
[2026-03-27T01:50:22.926Z] [INFO] Session status updater cron job scheduled (runs every 15 mins
[2026-03-27T01:50:22.935Z] [INFO] Session reminder cron job scheduled (runs daily at 08:00)
[2026-03-27T01:50:22.935Z] [INFO] All cron jobs initialized successfully
[2026-03-27T01:50:39.594Z] [INFO] Initializing cron jobs...
[2026-03-27T01:50:39.779Z] [INFO] Session status updater cron job scheduled (runs every 15 mins
[2026-03-27T01:50:39.786Z] [INFO] Session reminder cron job scheduled (runs daily at 08:00)
[2026-03-27T01:50:39.787Z] [INFO] All cron jobs initialized successfully
[2026-03-27T01:50:42.831Z] [INFO] Initializing cron jobs...
[2026-03-27T01:50:42.867Z] [INFO] Session status updater cron job scheduled (runs every 15 mins
[2026-03-27T01:50:42.872Z] [INFO] Session reminder cron job scheduled (runs daily at 08:00)
[2026-03-27T01:50:42.873Z] [INFO] All cron jobs initialized successfully
[2026-03-27T01:50:52.272Z] [INFO] Initializing cron jobs...
[2026-03-27T01:50:52.336Z] [INFO] Session status updater cron job scheduled (runs every 15 mins
[2026-03-27T01:50:52.353Z] [INFO] Session reminder cron job scheduled (runs daily at 08:00)
[2026-03-27T01:50:52.354Z] [INFO] All cron jobs initialized successfully
[2026-03-27T01:57:50.434Z] [INFO] Initializing cron jobs...
[2026-03-27T01:57:50.555Z] [INFO] Session status updater cron job scheduled (runs every 15 mins
[2026-03-27T01:57:50.587Z] [INFO] Session reminder cron job scheduled (runs daily at 08:00)
[2026-03-27T01:57:50.591Z] [INFO] All cron jobs initialized successfully
[2026-03-27T01:58:02.306Z] [INFO] Initializing cron jobs...
[2026-03-27T01:58:02.429Z] [INFO] Session status updater cron job scheduled (runs every 15 mins
[2026-03-27T01:58:02.439Z] [INFO] Session reminder cron job scheduled (runs daily at 08:00)
[2026-03-27T01:58:02.440Z] [INFO] All cron jobs initialized successfully
[2026-03-27T01:58:11.281Z] [INFO] Initializing cron jobs...
[2026-03-27T01:58:11.393Z] [INFO] Session status updater cron job scheduled (runs every 15 mins
[2026-03-27T01:58:11.401Z] [INFO] Session reminder cron job scheduled (runs daily at 08:00)
[2026-03-27T01:58:11.404Z] [INFO] All cron jobs initialized successfully
[2026-03-27T01:58:16.628Z] [INFO] Initializing cron jobs...
[2026-03-27T01:58:16.671Z] [INFO] Session status updater cron job scheduled (runs every 15 mins
[2026-03-27T01:58:16.689Z] [INFO] Session reminder cron job scheduled (runs daily at 08:00)
[2026-03-27T01:58:16.696Z] [INFO] All cron jobs initialized successfully
[2026-03-27T01:58:25.702Z] [INFO] Initializing cron jobs...
[2026-03-27T01:58:25.786Z] [INFO] Session status updater cron job scheduled (runs every 15 mins
[2026-03-27T01:58:25.799Z] [INFO] Session reminder cron job scheduled (runs daily at 08:00)
[2026-03-27T01:58:25.801Z] [INFO] All cron jobs initialized successfully
[2026-03-27T01:58:30.173Z] [INFO] Initializing cron jobs...
[2026-03-27T01:58:30.271Z] [INFO] Session status updater cron job scheduled (runs every 15 mins
[2026-03-27T01:58:30.290Z] [INFO] Session reminder cron job scheduled (runs daily at 08:00)
[2026-03-27T01:58:30.312Z] [INFO] All cron jobs initialized successfully
[2026-03-27T01:58:36.050Z] [INFO] Initializing cron jobs...
[2026-03-27T01:58:36.185Z] [INFO] Session status updater cron job scheduled (runs every 15 mins
[2026-03-27T01:58:36.213Z] [INFO] Session reminder cron job scheduled (runs daily at 08:00)
[2026-03-27T01:58:36.215Z] [INFO] All cron jobs initialized successfully
[2026-03-27T01:58:41.647Z] [INFO] Initializing cron jobs...
[2026-03-27T01:58:42.188Z] [INFO] Session status updater cron job scheduled (runs every 15 mins
[2026-03-27T01:58:42.202Z] [INFO] Session reminder cron job scheduled (runs daily at 08:00)
[2026-03-27T01:58:42.203Z] [INFO] All cron jobs initialized successfully
[2026-03-27T01:58:46.934Z] [INFO] Initializing cron jobs...
[2026-03-27T01:58:47.253Z] [INFO] Session status updater cron job scheduled (runs every 15 mins
[2026-03-27T01:58:47.280Z] [INFO] Session reminder cron job scheduled (runs daily at 08:00)
[2026-03-27T01:58:47.331Z] [INFO] All cron jobs initialized successfully
[2026-03-27T01:58:51.569Z] [INFO] Initializing cron jobs...
[2026-03-27T01:58:51.712Z] [INFO] Session status updater cron job scheduled (runs every 15 mins
[2026-03-27T01:58:51.739Z] [INFO] Session reminder cron job scheduled (runs daily at 08:00)
[2026-03-27T01:58:51.746Z] [INFO] All cron jobs initialized successfully
[2026-03-27T01:58:56.524Z] [INFO] Initializing cron jobs...
[2026-03-27T01:58:56.616Z] [INFO] Session status updater cron job scheduled (runs every 15 mins
[2026-03-27T01:58:56.632Z] [INFO] Session reminder cron job scheduled (runs daily at 08:00)
[2026-03-27T01:58:56.634Z] [INFO] All cron jobs initialized successfully
[2026-03-27T01:59:09.937Z] [INFO] Initializing cron jobs...
[2026-03-27T01:59:10.050Z] [INFO] Session status updater cron job scheduled (runs every 15 mins
[2026-03-27T01:59:10.065Z] [INFO] Session reminder cron job scheduled (runs daily at 08:00)
[2026-03-27T01:59:10.074Z] [INFO] All cron jobs initialized successfully
[2026-03-27T01:59:16.451Z] [INFO] Initializing cron jobs...
[2026-03-27T01:59:16.683Z] [INFO] Session status updater cron job scheduled (runs every 15 mins
[2026-03-27T01:59:16.697Z] [INFO] Session reminder cron job scheduled (runs daily at 08:00)
[2026-03-27T01:59:16.699Z] [INFO] All cron jobs initialized successfully
[2026-03-27T01:59:24.455Z] [INFO] Initializing cron jobs...
[2026-03-27T01:59:24.570Z] [INFO] Session status updater cron job scheduled (runs every 15 mins
[2026-03-27T01:59:24.585Z] [INFO] Session reminder cron job scheduled (runs daily at 08:00)
[2026-03-27T01:59:24.586Z] [INFO] All cron jobs initialized successfully
[2026-03-27T01:59:31.479Z] [INFO] Initializing cron jobs...
[2026-03-27T01:59:31.696Z] [INFO] Session status updater cron job scheduled (runs every 15 mins
[2026-03-27T01:59:31.710Z] [INFO] Session reminder cron job scheduled (runs daily at 08:00)
[2026-03-27T01:59:31.713Z] [INFO] All cron jobs initialized successfully
[2026-03-27T01:59:36.047Z] [INFO] Initializing cron jobs...
[2026-03-27T01:59:36.199Z] [INFO] Session status updater cron job scheduled (runs every 15 mins
[2026-03-27T01:59:36.215Z] [INFO] Session reminder cron job scheduled (runs daily at 08:00)
[2026-03-27T01:59:36.216Z] [INFO] All cron jobs initialized successfully
[2026-03-27T01:59:39.299Z] [INFO] Initializing cron jobs...
[2026-03-27T01:59:39.466Z] [INFO] Session status updater cron job scheduled (runs every 15 mins
[2026-03-27T01:59:39.481Z] [INFO] Session reminder cron job scheduled (runs daily at 08:00)
[2026-03-27T01:59:39.483Z] [INFO] All cron jobs initialized successfully
[2026-03-27T01:59:42.827Z] [INFO] Initializing cron jobs...
[2026-03-27T01:59:42.937Z] [INFO] Session status updater cron job scheduled (runs every 15 mins
[2026-03-27T01:59:42.948Z] [INFO] Session reminder cron job scheduled (runs daily at 08:00)
[2026-03-27T01:59:42.951Z] [INFO] All cron jobs initialized successfully
[2026-03-27T01:59:47.120Z] [INFO] Initializing cron jobs...
[2026-03-27T01:59:47.167Z] [INFO] Session status updater cron job scheduled (runs every 15 mins
[2026-03-27T01:59:47.174Z] [INFO] Session reminder cron job scheduled (runs daily at 08:00)
[2026-03-27T01:59:47.175Z] [INFO] All cron jobs initialized successfully
[2026-03-27T01:59:52.424Z] [INFO] Initializing cron jobs...
[2026-03-27T01:59:52.505Z] [INFO] Session status updater cron job scheduled (runs every 15 mins
[2026-03-27T01:59:52.519Z] [INFO] Session reminder cron job scheduled (runs daily at 08:00)
[2026-03-27T01:59:52.521Z] [INFO] All cron jobs initialized successfully
[2026-03-27T02:00:00.026Z] [INFO] === Session Status Update Job Started ===
[2026-03-27T02:00:00.097Z] [INFO] Starting session status update job
[2026-03-27T02:00:00.111Z] [SUCCESS] Session status update completed. Total updated: 0
[2026-03-27T02:00:00.112Z] [INFO] === Session Status Update Job Completed ===
[2026-03-27T02:00:12.719Z] [INFO] Initializing cron jobs...
[2026-03-27T02:00:12.765Z] [INFO] Session status updater cron job scheduled (runs every 15 mins
[2026-03-27T02:00:12.773Z] [INFO] Session reminder cron job scheduled (runs daily at 08:00)
[2026-03-27T02:00:12.774Z] [INFO] All cron jobs initialized successfully
[2026-03-27T02:01:37.012Z] [INFO] Initializing cron jobs...
[2026-03-27T02:01:37.081Z] [INFO] Session status updater cron job scheduled (runs every 15 mins
[2026-03-27T02:01:37.091Z] [INFO] Session reminder cron job scheduled (runs daily at 08:00)
[2026-03-27T02:01:37.092Z] [INFO] All cron jobs initialized successfully
[2026-03-27T02:01:42.262Z] [INFO] Initializing cron jobs...
[2026-03-27T02:01:42.378Z] [INFO] Session status updater cron job scheduled (runs every 15 mins
[2026-03-27T02:01:42.437Z] [INFO] Session reminder cron job scheduled (runs daily at 08:00)
[2026-03-27T02:01:42.505Z] [INFO] All cron jobs initialized successfully
[2026-03-27T02:01:53.474Z] [INFO] Initializing cron jobs...
[2026-03-27T02:01:53.625Z] [INFO] Session status updater cron job scheduled (runs every 15 mins
[2026-03-27T02:01:53.651Z] [INFO] Session reminder cron job scheduled (runs daily at 08:00)
[2026-03-27T02:01:53.653Z] [INFO] All cron jobs initialized successfully
[2026-03-27T02:02:01.707Z] [INFO] Initializing cron jobs...
[2026-03-27T02:02:01.827Z] [INFO] Session status updater cron job scheduled (runs every 15 mins
[2026-03-27T02:02:01.841Z] [INFO] Session reminder cron job scheduled (runs daily at 08:00)
[2026-03-27T02:02:01.842Z] [INFO] All cron jobs initialized successfully
[2026-03-27T02:02:08.588Z] [INFO] Initializing cron jobs...
[2026-03-27T02:02:08.704Z] [INFO] Session status updater cron job scheduled (runs every 15 mins
[2026-03-27T02:02:08.725Z] [INFO] Session reminder cron job scheduled (runs daily at 08:00)
[2026-03-27T02:02:08.726Z] [INFO] All cron jobs initialized successfully
[2026-03-27T02:02:13.271Z] [INFO] Initializing cron jobs...
[2026-03-27T02:02:13.372Z] [INFO] Session status updater cron job scheduled (runs every 15 mins
[2026-03-27T02:02:13.387Z] [INFO] Session reminder cron job scheduled (runs daily at 08:00)
[2026-03-27T02:02:13.388Z] [INFO] All cron jobs initialized successfully
[2026-03-27T02:02:20.348Z] [INFO] Initializing cron jobs...
[2026-03-27T02:02:20.397Z] [INFO] Session status updater cron job scheduled (runs every 15 mins
[2026-03-27T02:02:20.410Z] [INFO] Session reminder cron job scheduled (runs daily at 08:00)
[2026-03-27T02:02:20.411Z] [INFO] All cron jobs initialized successfully
[2026-03-27T02:02:30.739Z] [INFO] Initializing cron jobs...
[2026-03-27T02:02:30.886Z] [INFO] Session status updater cron job scheduled (runs every 15 mins
[2026-03-27T02:02:30.909Z] [INFO] Session reminder cron job scheduled (runs daily at 08:00)
[2026-03-27T02:02:30.914Z] [INFO] All cron jobs initialized successfully
[2026-03-27T02:02:42.524Z] [INFO] Initializing cron jobs...
[2026-03-27T02:02:42.629Z] [INFO] Session status updater cron job scheduled (runs every 15 mins
[2026-03-27T02:02:42.647Z] [INFO] Session reminder cron job scheduled (runs daily at 08:00)
[2026-03-27T02:02:42.650Z] [INFO] All cron jobs initialized successfully
[2026-03-27T02:02:46.177Z] [INFO] Initializing cron jobs...
[2026-03-27T02:02:46.274Z] [INFO] Session status updater cron job scheduled (runs every 15 mins
[2026-03-27T02:02:46.292Z] [INFO] Session reminder cron job scheduled (runs daily at 08:00)
[2026-03-27T02:02:46.294Z] [INFO] All cron jobs initialized successfully
[2026-03-27T02:02:49.244Z] [INFO] Initializing cron jobs...
[2026-03-27T02:02:49.407Z] [INFO] Session status updater cron job scheduled (runs every 15 mins
[2026-03-27T02:02:49.422Z] [INFO] Session reminder cron job scheduled (runs daily at 08:00)
[2026-03-27T02:02:49.423Z] [INFO] All cron jobs initialized successfully
[2026-03-27T02:02:51.918Z] [INFO] Initializing cron jobs...
[2026-03-27T02:02:51.974Z] [INFO] Session status updater cron job scheduled (runs every 15 mins
[2026-03-27T02:02:51.992Z] [INFO] Session reminder cron job scheduled (runs daily at 08:00)
[2026-03-27T02:02:51.993Z] [INFO] All cron jobs initialized successfully
[2026-03-27T02:02:57.714Z] [INFO] Initializing cron jobs...
[2026-03-27T02:02:57.842Z] [INFO] Session status updater cron job scheduled (runs every 15 mins
[2026-03-27T02:02:58.166Z] [INFO] Session reminder cron job scheduled (runs daily at 08:00)
[2026-03-27T02:02:58.167Z] [INFO] All cron jobs initialized successfully
[2026-03-27T02:03:00.355Z] [INFO] Initializing cron jobs...
[2026-03-27T02:03:00.396Z] [INFO] Session status updater cron job scheduled (runs every 15 mins
[2026-03-27T02:03:00.405Z] [INFO] Session reminder cron job scheduled (runs daily at 08:00)
[2026-03-27T02:03:00.406Z] [INFO] All cron jobs initialized successfully
[2026-03-27T02:03:11.010Z] [INFO] Initializing cron jobs...
[2026-03-27T02:03:11.287Z] [INFO] Session status updater cron job scheduled (runs every 15 mins
[2026-03-27T02:03:11.323Z] [INFO] Session reminder cron job scheduled (runs daily at 08:00)
[2026-03-27T02:03:11.324Z] [INFO] All cron jobs initialized successfully
[2026-03-27T02:03:17.064Z] [INFO] Initializing cron jobs...
[2026-03-27T02:03:17.234Z] [INFO] Session status updater cron job scheduled (runs every 15 mins
[2026-03-27T02:03:17.257Z] [INFO] Session reminder cron job scheduled (runs daily at 08:00)
[2026-03-27T02:03:17.260Z] [INFO] All cron jobs initialized successfully
[2026-03-27T02:03:22.925Z] [INFO] Initializing cron jobs...
[2026-03-27T02:03:23.025Z] [INFO] Session status updater cron job scheduled (runs every 15 mins
[2026-03-27T02:03:23.058Z] [INFO] Session reminder cron job scheduled (runs daily at 08:00)
[2026-03-27T02:03:23.061Z] [INFO] All cron jobs initialized successfully
[2026-03-27T02:03:28.364Z] [INFO] Initializing cron jobs...
[2026-03-27T02:03:28.738Z] [INFO] Session status updater cron job scheduled (runs every 15 mins
[2026-03-27T02:03:28.752Z] [INFO] Session reminder cron job scheduled (runs daily at 08:00)
[2026-03-27T02:03:28.762Z] [INFO] All cron jobs initialized successfully
[2026-03-27T02:03:31.744Z] [INFO] Initializing cron jobs...
[2026-03-27T02:03:31.914Z] [INFO] Session status updater cron job scheduled (runs every 15 mins
[2026-03-27T02:03:31.944Z] [INFO] Session reminder cron job scheduled (runs daily at 08:00)
[2026-03-27T02:03:31.983Z] [INFO] All cron jobs initialized successfully
[2026-03-27T02:03:37.906Z] [INFO] Initializing cron jobs...
[2026-03-27T02:03:38.047Z] [INFO] Session status updater cron job scheduled (runs every 15 mins
[2026-03-27T02:03:38.089Z] [INFO] Session reminder cron job scheduled (runs daily at 08:00)
[2026-03-27T02:03:38.095Z] [INFO] All cron jobs initialized successfully
[2026-03-27T02:03:51.076Z] [INFO] Initializing cron jobs...
[2026-03-27T02:03:51.243Z] [INFO] Session status updater cron job scheduled (runs every 15 mins
[2026-03-27T02:03:51.258Z] [INFO] Session reminder cron job scheduled (runs daily at 08:00)
[2026-03-27T02:03:51.261Z] [INFO] All cron jobs initialized successfully
[2026-03-27T02:03:56.464Z] [INFO] Initializing cron jobs...
[2026-03-27T02:03:56.787Z] [INFO] Session status updater cron job scheduled (runs every 15 mins
[2026-03-27T02:03:56.795Z] [INFO] Session reminder cron job scheduled (runs daily at 08:00)
[2026-03-27T02:03:56.796Z] [INFO] All cron jobs initialized successfully
[2026-03-27T02:04:05.596Z] [INFO] Initializing cron jobs...
[2026-03-27T02:04:05.761Z] [INFO] Session status updater cron job scheduled (runs every 15 mins
[2026-03-27T02:04:05.779Z] [INFO] Session reminder cron job scheduled (runs daily at 08:00)
[2026-03-27T02:04:05.798Z] [INFO] All cron jobs initialized successfully
[2026-03-27T02:04:12.347Z] [INFO] Initializing cron jobs...
[2026-03-27T02:04:14.414Z] [INFO] Initializing cron jobs...
[2026-03-27T02:04:14.526Z] [INFO] Session status updater cron job scheduled (runs every 15 mins
[2026-03-27T02:04:14.544Z] [INFO] Session reminder cron job scheduled (runs daily at 08:00)
[2026-03-27T02:04:14.558Z] [INFO] All cron jobs initialized successfully
[2026-03-27T02:04:22.496Z] [INFO] Initializing cron jobs...
[2026-03-27T02:04:22.630Z] [INFO] Session status updater cron job scheduled (runs every 15 mins
[2026-03-27T02:04:22.658Z] [INFO] Session reminder cron job scheduled (runs daily at 08:00)
[2026-03-27T02:04:22.659Z] [INFO] All cron jobs initialized successfully
[2026-03-27T02:04:25.702Z] [INFO] Initializing cron jobs...
[2026-03-27T02:04:32.463Z] [INFO] Initializing cron jobs...
[2026-03-27T02:04:32.800Z] [INFO] Session status updater cron job scheduled (runs every 15 mins
[2026-03-27T02:04:32.826Z] [INFO] Session reminder cron job scheduled (runs daily at 08:00)
[2026-03-27T02:04:32.828Z] [INFO] All cron jobs initialized successfully
[2026-03-27T02:04:35.728Z] [INFO] Initializing cron jobs...
[2026-03-27T02:04:35.860Z] [INFO] Session status updater cron job scheduled (runs every 15 mins
[2026-03-27T02:04:35.875Z] [INFO] Session reminder cron job scheduled (runs daily at 08:00)
[2026-03-27T02:04:35.877Z] [INFO] All cron jobs initialized successfully
[2026-03-27T02:04:39.841Z] [INFO] Initializing cron jobs...
[2026-03-27T02:04:39.930Z] [INFO] Session status updater cron job scheduled (runs every 15 mins
[2026-03-27T02:04:39.942Z] [INFO] Session reminder cron job scheduled (runs daily at 08:00)
[2026-03-27T02:04:39.944Z] [INFO] All cron jobs initialized successfully
[2026-03-27T02:04:49.179Z] [INFO] Initializing cron jobs...
[2026-03-27T02:04:49.329Z] [INFO] Session status updater cron job scheduled (runs every 15 mins
[2026-03-27T02:04:49.346Z] [INFO] Session reminder cron job scheduled (runs daily at 08:00)
[2026-03-27T02:04:49.347Z] [INFO] All cron jobs initialized successfully
[2026-03-27T02:04:54.877Z] [INFO] Initializing cron jobs...
[2026-03-27T02:04:54.991Z] [INFO] Session status updater cron job scheduled (runs every 15 mins
[2026-03-27T02:04:55.075Z] [INFO] Session reminder cron job scheduled (runs daily at 08:00)
[2026-03-27T02:04:55.076Z] [INFO] All cron jobs initialized successfully
[2026-03-27T02:05:00.105Z] [INFO] Initializing cron jobs...
[2026-03-27T02:05:00.283Z] [INFO] Session status updater cron job scheduled (runs every 15 mins
[2026-03-27T02:05:00.296Z] [INFO] Session reminder cron job scheduled (runs daily at 08:00)
[2026-03-27T02:05:00.298Z] [INFO] All cron jobs initialized successfully
[2026-03-27T02:05:04.056Z] [INFO] Initializing cron jobs...
[2026-03-27T02:05:04.146Z] [INFO] Session status updater cron job scheduled (runs every 15 mins
[2026-03-27T02:05:04.165Z] [INFO] Session reminder cron job scheduled (runs daily at 08:00)
[2026-03-27T02:05:04.166Z] [INFO] All cron jobs initialized successfully
[2026-03-27T02:05:10.025Z] [INFO] Initializing cron jobs...
[2026-03-27T02:05:10.127Z] [INFO] Session status updater cron job scheduled (runs every 15 mins
[2026-03-27T02:05:10.146Z] [INFO] Session reminder cron job scheduled (runs daily at 08:00)
[2026-03-27T02:05:10.193Z] [INFO] All cron jobs initialized successfully
[2026-03-27T02:05:44.910Z] [INFO] Initializing cron jobs...
[2026-03-27T02:05:44.983Z] [INFO] Session status updater cron job scheduled (runs every 15 mins
[2026-03-27T02:05:44.995Z] [INFO] Session reminder cron job scheduled (runs daily at 08:00)
[2026-03-27T02:05:44.997Z] [INFO] All cron jobs initialized successfully
[2026-03-27T02:05:52.256Z] [INFO] Initializing cron jobs...
[2026-03-27T02:05:52.302Z] [INFO] Session status updater cron job scheduled (runs every 15 mins
[2026-03-27T02:05:52.310Z] [INFO] Session reminder cron job scheduled (runs daily at 08:00)
[2026-03-27T02:05:52.310Z] [INFO] All cron jobs initialized successfully
[2026-03-27T02:06:54.817Z] [INFO] Initializing cron jobs...
[2026-03-27T02:06:54.996Z] [INFO] Session status updater cron job scheduled (runs every 15 mins
[2026-03-27T02:06:55.010Z] [INFO] Session reminder cron job scheduled (runs daily at 08:00)
[2026-03-27T02:06:55.011Z] [INFO] All cron jobs initialized successfully
[2026-03-27T02:07:27.133Z] [INFO] Initializing cron jobs...
[2026-03-27T02:07:27.204Z] [INFO] Session status updater cron job scheduled (runs every 15 mins
[2026-03-27T02:07:27.234Z] [INFO] Session reminder cron job scheduled (runs daily at 08:00)
[2026-03-27T02:07:27.236Z] [INFO] All cron jobs initialized successfully
[2026-03-27T02:07:32.830Z] [INFO] Initializing cron jobs...
[2026-03-27T02:07:32.873Z] [INFO] Session status updater cron job scheduled (runs every 15 mins
[2026-03-27T02:07:32.881Z] [INFO] Session reminder cron job scheduled (runs daily at 08:00)
[2026-03-27T02:07:32.881Z] [INFO] All cron jobs initialized successfully
[2026-03-27T02:07:37.850Z] [INFO] Initializing cron jobs...
[2026-03-27T02:07:37.899Z] [INFO] Session status updater cron job scheduled (runs every 15 mins
[2026-03-27T02:07:37.906Z] [INFO] Session reminder cron job scheduled (runs daily at 08:00)
[2026-03-27T02:07:37.906Z] [INFO] All cron jobs initialized successfully
[2026-03-27T02:08:08.294Z] [INFO] Initializing cron jobs...
[2026-03-27T02:08:08.399Z] [INFO] Session status updater cron job scheduled (runs every 15 mins
[2026-03-27T02:08:08.415Z] [INFO] Session reminder cron job scheduled (runs daily at 08:00)
[2026-03-27T02:08:08.416Z] [INFO] All cron jobs initialized successfully
[2026-03-27T02:08:19.778Z] [INFO] Initializing cron jobs...
[2026-03-27T02:08:19.901Z] [INFO] Session status updater cron job scheduled (runs every 15 mins
[2026-03-27T02:08:19.915Z] [INFO] Session reminder cron job scheduled (runs daily at 08:00)
[2026-03-27T02:08:19.955Z] [INFO] All cron jobs initialized successfully
[2026-03-27T02:08:35.446Z] [INFO] Initializing cron jobs...
[2026-03-27T02:08:35.539Z] [INFO] Session status updater cron job scheduled (runs every 15 mins
[2026-03-27T02:08:35.554Z] [INFO] Session reminder cron job scheduled (runs daily at 08:00)
[2026-03-27T02:08:35.557Z] [INFO] All cron jobs initialized successfully
[2026-03-27T02:08:48.740Z] [INFO] Initializing cron jobs...
[2026-03-27T02:08:48.838Z] [INFO] Session status updater cron job scheduled (runs every 15 mins
[2026-03-27T02:08:48.855Z] [INFO] Session reminder cron job scheduled (runs daily at 08:00)
[2026-03-27T02:08:48.857Z] [INFO] All cron jobs initialized successfully
[2026-03-27T02:13:17.711Z] [INFO] Initializing cron jobs...
[2026-03-27T02:13:17.759Z] [INFO] Session status updater cron job scheduled (runs every 15 mins
[2026-03-27T02:13:17.766Z] [INFO] Session reminder cron job scheduled (runs daily at 08:00)
[2026-03-27T02:13:17.767Z] [INFO] All cron jobs initialized successfully
[2026-03-27T02:36:10.184Z] [INFO] Initializing cron jobs...
[2026-03-27T02:36:10.255Z] [INFO] Session status updater cron job scheduled (runs every 15 mins
[2026-03-27T02:36:10.277Z] [INFO] Session reminder cron job scheduled (runs daily at 08:00)
[2026-03-27T02:36:10.280Z] [INFO] All cron jobs initialized successfully
[2026-03-27T02:44:55.640Z] [INFO] Initializing cron jobs...
[2026-03-27T02:44:55.756Z] [INFO] Session status updater cron job scheduled (runs every 15 mins
[2026-03-27T02:44:55.781Z] [INFO] Session reminder cron job scheduled (runs daily at 08:00)
[2026-03-27T02:44:55.782Z] [INFO] All cron jobs initialized successfully
[2026-03-27T02:45:00.103Z] [INFO] === Session Status Update Job Started ===
[2026-03-27T02:45:00.110Z] [INFO] Starting session status update job
[2026-03-27T02:45:00.136Z] [SUCCESS] Session status update completed. Total updated: 0
[2026-03-27T02:45:00.137Z] [INFO] === Session Status Update Job Completed ===
[2026-03-27T02:45:07.018Z] [INFO] Initializing cron jobs...
[2026-03-27T02:45:07.100Z] [INFO] Session status updater cron job scheduled (runs every 15 mins
[2026-03-27T02:45:07.114Z] [INFO] Session reminder cron job scheduled (runs daily at 08:00)
[2026-03-27T02:45:07.115Z] [INFO] All cron jobs initialized successfully
[2026-03-27T02:45:27.397Z] [INFO] Initializing cron jobs...
[2026-03-27T02:45:27.491Z] [INFO] Session status updater cron job scheduled (runs every 15 mins
[2026-03-27T02:45:27.505Z] [INFO] Session reminder cron job scheduled (runs daily at 08:00)
[2026-03-27T02:45:27.506Z] [INFO] All cron jobs initialized successfully
[2026-03-27T03:00:00.030Z] [INFO] === Session Status Update Job Started ===
[2026-03-27T03:00:00.032Z] [INFO] Starting session status update job
[2026-03-27T03:00:00.053Z] [SUCCESS] Session status update completed. Total updated: 0
[2026-03-27T03:00:00.055Z] [INFO] === Session Status Update Job Completed ===
[2026-03-27T03:15:00.015Z] [INFO] === Session Status Update Job Started ===
[2026-03-27T03:15:00.016Z] [INFO] Starting session status update job
[2026-03-27T03:15:00.022Z] [SUCCESS] Session status update completed. Total updated: 0
[2026-03-27T03:15:00.023Z] [INFO] === Session Status Update Job Completed ===
[2026-03-27T03:30:00.028Z] [INFO] === Session Status Update Job Started ===
[2026-03-27T03:30:00.028Z] [INFO] Starting session status update job
[2026-03-27T03:30:00.035Z] [SUCCESS] Session status update completed. Total updated: 0
[2026-03-27T03:30:00.035Z] [INFO] === Session Status Update Job Completed ===
[2026-03-27T03:45:00.019Z] [INFO] === Session Status Update Job Started ===
[2026-03-27T03:45:00.020Z] [INFO] Starting session status update job
[2026-03-27T03:45:00.025Z] [SUCCESS] Session status update completed. Total updated: 0
[2026-03-27T03:45:00.025Z] [INFO] === Session Status Update Job Completed ===
[2026-03-27T03:55:03.487Z] [INFO] Initializing cron jobs...
[2026-03-27T03:55:03.558Z] [INFO] Session status updater cron job scheduled (runs every 15 mins
[2026-03-27T03:55:03.566Z] [INFO] Session reminder cron job scheduled (runs daily at 08:00)
[2026-03-27T03:55:03.567Z] [INFO] All cron jobs initialized successfully
[2026-03-27T03:55:36.561Z] [INFO] Initializing cron jobs...
[2026-03-27T03:55:36.700Z] [INFO] Session status updater cron job scheduled (runs every 15 mins
[2026-03-27T03:55:36.733Z] [INFO] Session reminder cron job scheduled (runs daily at 08:00)
[2026-03-27T03:55:36.735Z] [INFO] All cron jobs initialized successfully
[2026-03-27T04:00:00.036Z] [INFO] === Session Status Update Job Started ===
[2026-03-27T04:00:00.038Z] [INFO] Starting session status update job
[2026-03-27T04:00:00.049Z] [INFO] Updated 1 sessions to BERLANGSUNG
[2026-03-27T04:00:00.055Z] [SUCCESS] Session status update completed. Total updated: 1
[2026-03-27T04:00:00.055Z] [INFO] === Session Status Update Job Completed ===
[2026-03-27T04:15:00.020Z] [INFO] === Session Status Update Job Started ===
[2026-03-27T04:15:00.021Z] [INFO] Starting session status update job
[2026-03-27T04:15:00.026Z] [SUCCESS] Session status update completed. Total updated: 0
[2026-03-27T04:15:00.027Z] [INFO] === Session Status Update Job Completed ===
[2026-03-27T04:30:00.046Z] [INFO] === Session Status Update Job Started ===
[2026-03-27T04:30:00.047Z] [INFO] Starting session status update job
[2026-03-27T04:30:00.053Z] [SUCCESS] Session status update completed. Total updated: 0
[2026-03-27T04:30:00.054Z] [INFO] === Session Status Update Job Completed ===
[2026-03-27T04:45:00.030Z] [INFO] === Session Status Update Job Started ===
[2026-03-27T04:45:00.031Z] [INFO] Starting session status update job
[2026-03-27T04:45:00.036Z] [SUCCESS] Session status update completed. Total updated: 0
[2026-03-27T04:45:00.036Z] [INFO] === Session Status Update Job Completed ===
[2026-03-27T05:00:00.026Z] [INFO] === Session Status Update Job Started ===
[2026-03-27T05:00:00.027Z] [INFO] Starting session status update job
[2026-03-27T05:00:00.035Z] [SUCCESS] Session status update completed. Total updated: 0
[2026-03-27T05:00:00.035Z] [INFO] === Session Status Update Job Completed ===
[2026-03-27T05:15:00.040Z] [INFO] === Session Status Update Job Started ===
[2026-03-27T05:15:00.040Z] [INFO] Starting session status update job
[2026-03-27T05:15:00.047Z] [SUCCESS] Session status update completed. Total updated: 0
[2026-03-27T05:15:00.047Z] [INFO] === Session Status Update Job Completed ===
[2026-03-27T05:30:00.031Z] [INFO] === Session Status Update Job Started ===
[2026-03-27T05:30:00.032Z] [INFO] Starting session status update job
[2026-03-27T05:30:00.037Z] [SUCCESS] Session status update completed. Total updated: 0
[2026-03-27T05:30:00.037Z] [INFO] === Session Status Update Job Completed ===
[2026-03-27T05:45:00.037Z] [INFO] === Session Status Update Job Started ===
[2026-03-27T05:45:00.038Z] [INFO] Starting session status update job
[2026-03-27T05:45:00.044Z] [SUCCESS] Session status update completed. Total updated: 0
[2026-03-27T05:45:00.044Z] [INFO] === Session Status Update Job Completed ===
[2026-03-27T06:00:00.069Z] [INFO] === Session Status Update Job Started ===
[2026-03-27T06:00:00.071Z] [INFO] Starting session status update job
[2026-03-27T06:00:00.083Z] [SUCCESS] Session status update completed. Total updated: 0
[2026-03-27T06:00:00.084Z] [INFO] === Session Status Update Job Completed ===
[2026-03-27T06:15:00.044Z] [INFO] === Session Status Update Job Started ===
[2026-03-27T06:15:00.048Z] [INFO] Starting session status update job
[2026-03-27T06:15:00.060Z] [SUCCESS] Session status update completed. Total updated: 0
[2026-03-27T06:15:00.060Z] [INFO] === Session Status Update Job Completed ===
[2026-03-27T06:30:00.050Z] [INFO] === Session Status Update Job Started ===
[2026-03-27T06:30:00.056Z] [INFO] Starting session status update job
[2026-03-27T06:30:00.106Z] [SUCCESS] Session status update completed. Total updated: 0
[2026-03-27T06:30:00.107Z] [INFO] === Session Status Update Job Completed ===
[2026-03-27T06:45:00.057Z] [INFO] === Session Status Update Job Started ===
[2026-03-27T06:45:00.065Z] [INFO] Starting session status update job
[2026-03-27T06:45:00.079Z] [SUCCESS] Session status update completed. Total updated: 0
[2026-03-27T06:45:00.081Z] [INFO] === Session Status Update Job Completed ===
[2026-03-27T07:00:00.019Z] [INFO] === Session Status Update Job Started ===
[2026-03-27T07:00:00.020Z] [INFO] Starting session status update job
[2026-03-27T07:00:00.027Z] [SUCCESS] Session status update completed. Total updated: 0
[2026-03-27T07:00:00.028Z] [INFO] === Session Status Update Job Completed ===
[2026-03-27T07:03:26.840Z] [INFO] Initializing cron jobs...
[2026-03-27T07:03:26.951Z] [INFO] Session status updater cron job scheduled (runs every 15 mins
[2026-03-27T07:03:26.966Z] [INFO] Session reminder cron job scheduled (runs daily at 08:00)
[2026-03-27T07:03:26.967Z] [INFO] All cron jobs initialized successfully
[2026-03-27T07:03:30.048Z] [INFO] Initializing cron jobs...
[2026-03-27T07:03:30.088Z] [INFO] Session status updater cron job scheduled (runs every 15 mins
[2026-03-27T07:03:30.097Z] [INFO] Session reminder cron job scheduled (runs daily at 08:00)
[2026-03-27T07:03:30.101Z] [INFO] All cron jobs initialized successfully
[2026-03-27T07:03:34.770Z] [INFO] Initializing cron jobs...
[2026-03-27T07:03:34.820Z] [INFO] Session status updater cron job scheduled (runs every 15 mins
[2026-03-27T07:03:34.833Z] [INFO] Session reminder cron job scheduled (runs daily at 08:00)
[2026-03-27T07:03:34.834Z] [INFO] All cron jobs initialized successfully
[2026-03-27T07:03:55.448Z] [INFO] Initializing cron jobs...
[2026-03-27T07:03:55.485Z] [INFO] Session status updater cron job scheduled (runs every 15 mins
[2026-03-27T07:03:55.500Z] [INFO] Session reminder cron job scheduled (runs daily at 08:00)
[2026-03-27T07:03:55.502Z] [INFO] All cron jobs initialized successfully
[2026-03-27T07:04:34.845Z] [INFO] Initializing cron jobs...
[2026-03-27T07:04:34.927Z] [INFO] Session status updater cron job scheduled (runs every 15 mins
[2026-03-27T07:04:34.938Z] [INFO] Session reminder cron job scheduled (runs daily at 08:00)
[2026-03-27T07:04:34.938Z] [INFO] All cron jobs initialized successfully
[2026-03-27T07:15:00.029Z] [INFO] === Session Status Update Job Started ===
[2026-03-27T07:15:00.032Z] [INFO] Starting session status update job
[2026-03-27T07:15:00.047Z] [SUCCESS] Session status update completed. Total updated: 0
[2026-03-27T07:15:00.047Z] [INFO] === Session Status Update Job Completed ===
[2026-03-27T07:20:58.584Z] [INFO] Initializing cron jobs...
[2026-03-27T07:20:58.654Z] [INFO] Session status updater cron job scheduled (runs every 15 mins
[2026-03-27T07:20:58.665Z] [INFO] Session reminder cron job scheduled (runs daily at 08:00)
[2026-03-27T07:20:58.667Z] [INFO] All cron jobs initialized successfully
[2026-03-27T07:26:22.566Z] [INFO] Initializing cron jobs...
[2026-03-27T07:26:22.616Z] [INFO] Session status updater cron job scheduled (runs every 15 mins
[2026-03-27T07:26:22.622Z] [INFO] Session reminder cron job scheduled (runs daily at 08:00)
[2026-03-27T07:26:22.623Z] [INFO] All cron jobs initialized successfully
