[2026-03-05T05:40:41.376Z] [INFO] Initializing cron jobs...
[2026-03-05T05:40:41.478Z] [INFO] Session status updater cron job scheduled (runs hourly at minute 0)
[2026-03-05T05:40:41.478Z] [INFO] All cron jobs initialized successfully
[2026-03-05T05:40:50.327Z] [INFO] Initializing cron jobs...
[2026-03-05T05:40:50.369Z] [INFO] Session status updater cron job scheduled (runs hourly at minute 0)
[2026-03-05T05:40:50.371Z] [INFO] All cron jobs initialized successfully
[2026-03-05T05:41:01.523Z] [INFO] Initializing cron jobs...
[2026-03-05T05:41:01.577Z] [INFO] Session status updater cron job scheduled (runs hourly at minute 0)
[2026-03-05T05:41:01.581Z] [INFO] All cron jobs initialized successfully
[2026-03-05T05:41:09.965Z] [INFO] Initializing cron jobs...
[2026-03-05T05:41:10.015Z] [INFO] Session status updater cron job scheduled (runs hourly at minute 0)
[2026-03-05T05:41:10.017Z] [INFO] All cron jobs initialized successfully
[2026-03-05T05:41:27.032Z] [INFO] Initializing cron jobs...
[2026-03-05T05:41:27.110Z] [INFO] Session status updater cron job scheduled (runs hourly at minute 0)
[2026-03-05T05:41:27.112Z] [INFO] All cron jobs initialized successfully
[2026-03-05T06:00:00.048Z] [INFO] === Session Status Update Job Started ===
[2026-03-05T06:00:00.128Z] [INFO] Starting session status update job
[2026-03-05T06:00:00.141Z] [ERROR] Error updating to Terjadwal | Data: {"error":"Table 'medifam.safari_sessions' doesn't exist"}
[2026-03-05T06:00:00.141Z] [ERROR] Error updating session statuses | Data: {"error":"Table 'medifam.safari_sessions' doesn't exist"}
[2026-03-05T06:00:00.142Z] [ERROR] Session status update job failed | Data: {"error":"Table 'medifam.safari_sessions' doesn't exist"}
[2026-03-05T06:07:25.341Z] [INFO] Initializing cron jobs...
[2026-03-05T06:07:25.480Z] [INFO] Session status updater cron job scheduled (runs hourly at minute 0)
[2026-03-05T06:07:25.487Z] [INFO] All cron jobs initialized successfully
[2026-03-05T07:00:00.064Z] [INFO] === Session Status Update Job Started ===
[2026-03-05T07:00:00.189Z] [INFO] Starting session status update job
[2026-03-05T07:00:00.227Z] [SUCCESS] Session status update completed. Total updated: 0
[2026-03-05T07:00:00.228Z] [INFO] === Session Status Update Job Completed ===
[2026-03-05T07:01:00.777Z] [INFO] Initializing cron jobs...
[2026-03-05T07:01:00.941Z] [INFO] Session status updater cron job scheduled (runs hourly at minute 0)
[2026-03-05T07:01:00.943Z] [INFO] All cron jobs initialized successfully
[2026-03-05T07:04:02.474Z] [INFO] Initializing cron jobs...
[2026-03-05T07:04:02.650Z] [INFO] Session status updater cron job scheduled (runs hourly at minute 0)
[2026-03-05T07:04:02.658Z] [INFO] All cron jobs initialized successfully
[2026-03-05T07:04:12.584Z] [INFO] Initializing cron jobs...
[2026-03-05T07:04:12.685Z] [INFO] Session status updater cron job scheduled (runs hourly at minute 0)
[2026-03-05T07:04:12.692Z] [INFO] All cron jobs initialized successfully
[2026-03-05T07:04:44.108Z] [INFO] Initializing cron jobs...
[2026-03-05T07:04:44.173Z] [INFO] Session status updater cron job scheduled (runs hourly at minute 0)
[2026-03-05T07:04:44.175Z] [INFO] All cron jobs initialized successfully
[2026-03-05T07:05:10.329Z] [INFO] Initializing cron jobs...
[2026-03-05T07:05:10.408Z] [INFO] Session status updater cron job scheduled (runs hourly at minute 0)
[2026-03-05T07:05:10.410Z] [INFO] All cron jobs initialized successfully
[2026-03-05T07:05:17.798Z] [INFO] Initializing cron jobs...
[2026-03-05T07:05:17.870Z] [INFO] Session status updater cron job scheduled (runs hourly at minute 0)
[2026-03-05T07:05:17.877Z] [INFO] All cron jobs initialized successfully
[2026-03-05T07:05:20.709Z] [INFO] Initializing cron jobs...
[2026-03-05T07:05:20.842Z] [INFO] Session status updater cron job scheduled (runs hourly at minute 0)
[2026-03-05T07:05:20.844Z] [INFO] All cron jobs initialized successfully
[2026-03-05T07:05:27.722Z] [INFO] Starting session status update job
[2026-03-05T07:05:27.770Z] [INFO] Updated 5 sessions to SELESAI (berlangsung: 0, terjadwal: 5)
[2026-03-05T07:05:27.778Z] [SUCCESS] Session status update completed. Total updated: 5
[2026-03-05T07:05:59.870Z] [INFO] Initializing cron jobs...
[2026-03-05T07:05:59.973Z] [INFO] Session status updater cron job scheduled (runs hourly at minute 0)
[2026-03-05T07:05:59.975Z] [INFO] All cron jobs initialized successfully
[2026-03-05T07:06:11.983Z] [INFO] Initializing cron jobs...
[2026-03-05T07:06:12.100Z] [INFO] Session status updater cron job scheduled (runs hourly at minute 0)
[2026-03-05T07:06:12.105Z] [INFO] All cron jobs initialized successfully
[2026-03-05T07:06:31.713Z] [INFO] Initializing cron jobs...
[2026-03-05T07:06:31.802Z] [INFO] Session status updater cron job scheduled (runs hourly at minute 0)
[2026-03-05T07:06:31.805Z] [INFO] All cron jobs initialized successfully
[2026-03-05T07:06:37.512Z] [INFO] Initializing cron jobs...
[2026-03-05T07:06:37.629Z] [INFO] Session status updater cron job scheduled (runs hourly at minute 0)
[2026-03-05T07:06:37.637Z] [INFO] All cron jobs initialized successfully
[2026-03-05T07:06:56.819Z] [INFO] Initializing cron jobs...
[2026-03-05T07:06:56.985Z] [INFO] Session status updater cron job scheduled (runs hourly at minute 0)
[2026-03-05T07:06:56.990Z] [INFO] All cron jobs initialized successfully
[2026-03-05T07:07:12.045Z] [INFO] Initializing cron jobs...
[2026-03-05T07:07:12.144Z] [INFO] Session status updater cron job scheduled (runs hourly at minute 0)
[2026-03-05T07:07:12.146Z] [INFO] All cron jobs initialized successfully
[2026-03-05T07:08:52.808Z] [INFO] Initializing cron jobs...
[2026-03-05T07:08:52.906Z] [INFO] Session status updater cron job scheduled (runs hourly at minute 0)
[2026-03-05T07:08:52.908Z] [INFO] All cron jobs initialized successfully
[2026-03-05T08:00:00.041Z] [INFO] === Session Status Update Job Started ===
[2026-03-05T08:00:00.046Z] [INFO] Starting session status update job
[2026-03-05T08:00:00.066Z] [INFO] Updated 5 sessions to SELESAI (berlangsung: 0, terjadwal: 5)
[2026-03-05T08:00:00.067Z] [SUCCESS] Session status update completed. Total updated: 5
[2026-03-05T08:00:00.068Z] [INFO] === Session Status Update Job Completed ===
[2026-03-05T08:22:43.551Z] [INFO] Initializing cron jobs...
[2026-03-05T08:22:43.612Z] [INFO] Session status updater cron job scheduled (runs hourly at minute 0)
[2026-03-05T08:22:43.613Z] [INFO] All cron jobs initialized successfully
