[2026-03-15T05:53:47.394Z] [INFO] Initializing cron jobs...
[2026-03-15T05:53:47.452Z] [INFO] Session status updater cron job scheduled (runs hourly at minute 0)
[2026-03-15T05:53:47.455Z] [INFO] All cron jobs initialized successfully
[2026-03-15T05:59:12.521Z] [INFO] Initializing cron jobs...
[2026-03-15T05:59:12.604Z] [INFO] Session status updater cron job scheduled (runs hourly at minute 0)
[2026-03-15T05:59:12.605Z] [INFO] All cron jobs initialized successfully
[2026-03-15T05:59:17.936Z] [INFO] Initializing cron jobs...
[2026-03-15T05:59:18.022Z] [INFO] Session status updater cron job scheduled (runs hourly at minute 0)
[2026-03-15T05:59:18.023Z] [INFO] All cron jobs initialized successfully
[2026-03-15T05:59:21.014Z] [INFO] Initializing cron jobs...
[2026-03-15T05:59:21.073Z] [INFO] Session status updater cron job scheduled (runs hourly at minute 0)
[2026-03-15T05:59:21.075Z] [INFO] All cron jobs initialized successfully
[2026-03-15T05:59:40.604Z] [INFO] Initializing cron jobs...
[2026-03-15T05:59:40.700Z] [INFO] Session status updater cron job scheduled (runs hourly at minute 0)
[2026-03-15T05:59:40.703Z] [INFO] All cron jobs initialized successfully
[2026-03-15T05:59:46.266Z] [INFO] Initializing cron jobs...
[2026-03-15T05:59:46.460Z] [INFO] Session status updater cron job scheduled (runs hourly at minute 0)
[2026-03-15T05:59:46.465Z] [INFO] All cron jobs initialized successfully
[2026-03-15T05:59:54.516Z] [INFO] Initializing cron jobs...
[2026-03-15T05:59:54.589Z] [INFO] Session status updater cron job scheduled (runs hourly at minute 0)
[2026-03-15T05:59:54.617Z] [INFO] Session reminder cron job scheduled (runs daily at 08:00)
[2026-03-15T05:59:54.620Z] [INFO] All cron jobs initialized successfully
[2026-03-15T06:00:02.517Z] [INFO] Initializing cron jobs...
[2026-03-15T06:00:02.605Z] [INFO] Session status updater cron job scheduled (runs hourly at minute 0)
[2026-03-15T06:00:02.618Z] [INFO] Session reminder cron job scheduled (runs daily at 08:00)
[2026-03-15T06:00:02.619Z] [INFO] All cron jobs initialized successfully
[2026-03-15T06:00:07.605Z] [INFO] Initializing cron jobs...
[2026-03-15T06:00:07.847Z] [INFO] Session status updater cron job scheduled (runs hourly at minute 0)
[2026-03-15T06:00:07.870Z] [INFO] Session reminder cron job scheduled (runs daily at 08:00)
[2026-03-15T06:00:07.872Z] [INFO] All cron jobs initialized successfully
[2026-03-15T06:00:16.214Z] [INFO] Initializing cron jobs...
[2026-03-15T06:00:16.338Z] [INFO] Session status updater cron job scheduled (runs hourly at minute 0)
[2026-03-15T06:00:16.373Z] [INFO] Session reminder cron job scheduled (runs daily at 08:00)
[2026-03-15T06:00:16.377Z] [INFO] All cron jobs initialized successfully
[2026-03-15T06:12:55.321Z] [INFO] Initializing cron jobs...
[2026-03-15T06:12:55.406Z] [INFO] Session status updater cron job scheduled (runs hourly at minute 0)
[2026-03-15T06:12:55.419Z] [INFO] Session reminder cron job scheduled (runs daily at 08:00)
[2026-03-15T06:12:55.421Z] [INFO] All cron jobs initialized successfully
[2026-03-15T06:13:04.538Z] [INFO] Initializing cron jobs...
[2026-03-15T06:13:04.614Z] [INFO] Session status updater cron job scheduled (runs hourly at minute 0)
[2026-03-15T06:13:04.629Z] [INFO] Session reminder cron job scheduled (runs daily at 08:00)
[2026-03-15T06:13:04.632Z] [INFO] All cron jobs initialized successfully
[2026-03-15T06:39:35.443Z] [INFO] === Session Reminder Job Started ===
[2026-03-15T06:39:35.449Z] [INFO] Found 2 participant(s) to remind
[2026-03-15T06:39:35.796Z] [INFO] Reminder sent to 089507323044 (Admin Ganteng) | Data: {"result":{"detail":"success! message in queue","id":[147865098],"process":"pending","quota":{"62895612312":{"details":"deduced from total quota","quota":1000,"remaining":999,"used":1}},"requestid":421122987,"status":true,"target":["6289507323044"]}}
[2026-03-15T06:39:35.854Z] [INFO] Reminder sent to 0895360022327 (riosep) | Data: {"result":{"detail":"success! message in queue","id":[147865099],"process":"pending","quota":{"62895612312":{"details":"deduced from total quota","quota":999,"remaining":998,"used":1}},"requestid":421122988,"status":true,"target":["62895360022327"]}}
[2026-03-15T06:39:35.855Z] [INFO] === Session Reminder Job Completed: 2 sent, 0 failed ===
[2026-03-15T06:41:51.740Z] [INFO] === Session Reminder Job Started ===
[2026-03-15T06:41:51.742Z] [INFO] Found 0 participant(s) to remind
[2026-03-15T06:41:51.742Z] [INFO] === Session Reminder Job Completed: 0 sent, 0 failed ===
[2026-03-15T06:43:38.375Z] [INFO] Initializing cron jobs...
[2026-03-15T06:43:38.470Z] [INFO] Session status updater cron job scheduled (runs hourly at minute 0)
[2026-03-15T06:43:38.477Z] [INFO] Session reminder cron job scheduled (runs daily at 08:00)
[2026-03-15T06:43:38.477Z] [INFO] All cron jobs initialized successfully
