[2026-03-16T06:48:27.971Z] [INFO] Initializing cron jobs...
[2026-03-16T06:48:28.040Z] [INFO] Session status updater cron job scheduled (runs hourly at minute 0)
[2026-03-16T06:48:28.054Z] [INFO] Session reminder cron job scheduled (runs daily at 08:00)
[2026-03-16T06:48:28.055Z] [INFO] All cron jobs initialized successfully
[2026-03-16T06:54:39.368Z] [INFO] Initializing cron jobs...
[2026-03-16T06:54:39.568Z] [INFO] Session status updater cron job scheduled (runs hourly at minute 0)
[2026-03-16T06:54:39.580Z] [INFO] Session reminder cron job scheduled (runs daily at 08:00)
[2026-03-16T06:54:39.582Z] [INFO] All cron jobs initialized successfully
[2026-03-16T06:54:50.085Z] [INFO] Initializing cron jobs...
[2026-03-16T06:54:50.202Z] [INFO] Session status updater cron job scheduled (runs hourly at minute 0)
[2026-03-16T06:54:50.264Z] [INFO] Session reminder cron job scheduled (runs daily at 08:00)
[2026-03-16T06:54:50.266Z] [INFO] All cron jobs initialized successfully
[2026-03-16T06:58:45.794Z] [INFO] Initializing cron jobs...
[2026-03-16T06:58:45.891Z] [INFO] Session status updater cron job scheduled (runs every 15 mins
[2026-03-16T06:58:45.904Z] [INFO] Session reminder cron job scheduled (runs daily at 08:00)
[2026-03-16T06:58:45.905Z] [INFO] All cron jobs initialized successfully
[2026-03-16T07:00:00.045Z] [INFO] === Session Status Update Job Started ===
[2026-03-16T07:00:00.127Z] [INFO] Starting session status update job
[2026-03-16T07:00:00.158Z] [INFO] Updated 1 sessions to BERLANGSUNG
[2026-03-16T07:00:00.163Z] [SUCCESS] Session status update completed. Total updated: 1
[2026-03-16T07:00:00.164Z] [INFO] === Session Status Update Job Completed ===
[2026-03-16T07:15:00.028Z] [INFO] === Session Status Update Job Started ===
[2026-03-16T07:15:00.030Z] [INFO] Starting session status update job
[2026-03-16T07:15:00.045Z] [INFO] Updated 1 sessions to SELESAI (berlangsung: 1, terjadwal: 0)
[2026-03-16T07:15:00.046Z] [SUCCESS] Session status update completed. Total updated: 1
[2026-03-16T07:15:00.046Z] [INFO] === Session Status Update Job Completed ===
[2026-03-16T07:30:00.078Z] [INFO] === Session Status Update Job Started ===
[2026-03-16T07:30:00.082Z] [INFO] Starting session status update job
[2026-03-16T07:30:00.092Z] [SUCCESS] Session status update completed. Total updated: 0
[2026-03-16T07:30:00.092Z] [INFO] === Session Status Update Job Completed ===
[2026-03-16T07:45:00.039Z] [INFO] === Session Status Update Job Started ===
[2026-03-16T07:45:00.040Z] [INFO] Starting session status update job
[2026-03-16T07:45:00.052Z] [SUCCESS] Session status update completed. Total updated: 0
[2026-03-16T07:45:00.053Z] [INFO] === Session Status Update Job Completed ===
[2026-03-16T07:52:17.397Z] [INFO] Initializing cron jobs...
[2026-03-16T07:52:17.438Z] [INFO] Session status updater cron job scheduled (runs every 15 mins
[2026-03-16T07:52:17.451Z] [INFO] Session reminder cron job scheduled (runs daily at 08:00)
[2026-03-16T07:52:17.451Z] [INFO] All cron jobs initialized successfully
[2026-03-16T09:21:58.411Z] [INFO] Initializing cron jobs...
[2026-03-16T09:21:58.765Z] [INFO] Session status updater cron job scheduled (runs every 15 mins
[2026-03-16T09:21:58.796Z] [INFO] Session reminder cron job scheduled (runs daily at 08:00)
[2026-03-16T09:21:58.800Z] [INFO] All cron jobs initialized successfully
[2026-03-16T09:30:00.029Z] [INFO] === Session Status Update Job Started ===
[2026-03-16T09:30:00.031Z] [INFO] Starting session status update job
[2026-03-16T09:30:00.061Z] [SUCCESS] Session status update completed. Total updated: 0
[2026-03-16T09:30:00.062Z] [INFO] === Session Status Update Job Completed ===
[2026-03-16T09:45:00.025Z] [INFO] === Session Status Update Job Started ===
[2026-03-16T09:45:00.032Z] [INFO] Starting session status update job
[2026-03-16T09:45:00.057Z] [SUCCESS] Session status update completed. Total updated: 0
[2026-03-16T09:45:00.057Z] [INFO] === Session Status Update Job Completed ===
[2026-03-16T10:00:00.043Z] [INFO] === Session Status Update Job Started ===
[2026-03-16T10:00:00.044Z] [INFO] Starting session status update job
[2026-03-16T10:00:00.051Z] [SUCCESS] Session status update completed. Total updated: 0
[2026-03-16T10:00:00.052Z] [INFO] === Session Status Update Job Completed ===
[2026-03-16T10:15:00.036Z] [INFO] === Session Status Update Job Started ===
[2026-03-16T10:15:00.037Z] [INFO] Starting session status update job
[2026-03-16T10:15:00.044Z] [SUCCESS] Session status update completed. Total updated: 0
[2026-03-16T10:15:00.045Z] [INFO] === Session Status Update Job Completed ===
[2026-03-16T10:30:00.030Z] [INFO] === Session Status Update Job Started ===
[2026-03-16T10:30:00.032Z] [INFO] Starting session status update job
[2026-03-16T10:30:00.043Z] [SUCCESS] Session status update completed. Total updated: 0
[2026-03-16T10:30:00.044Z] [INFO] === Session Status Update Job Completed ===
[2026-03-16T10:45:00.035Z] [INFO] === Session Status Update Job Started ===
[2026-03-16T10:45:00.037Z] [INFO] Starting session status update job
[2026-03-16T10:45:00.044Z] [SUCCESS] Session status update completed. Total updated: 0
[2026-03-16T10:45:00.044Z] [INFO] === Session Status Update Job Completed ===
[2026-03-16T11:00:00.047Z] [INFO] === Session Status Update Job Started ===
[2026-03-16T11:00:00.050Z] [INFO] Starting session status update job
[2026-03-16T11:00:00.062Z] [SUCCESS] Session status update completed. Total updated: 0
[2026-03-16T11:00:00.063Z] [INFO] === Session Status Update Job Completed ===
[2026-03-16T11:15:00.042Z] [INFO] === Session Status Update Job Started ===
[2026-03-16T11:15:00.044Z] [INFO] Starting session status update job
[2026-03-16T11:15:00.058Z] [SUCCESS] Session status update completed. Total updated: 0
[2026-03-16T11:15:00.059Z] [INFO] === Session Status Update Job Completed ===
[2026-03-16T11:30:00.024Z] [INFO] === Session Status Update Job Started ===
[2026-03-16T11:30:00.025Z] [INFO] Starting session status update job
[2026-03-16T11:30:00.031Z] [SUCCESS] Session status update completed. Total updated: 0
[2026-03-16T11:30:00.032Z] [INFO] === Session Status Update Job Completed ===
[2026-03-16T11:45:00.044Z] [INFO] === Session Status Update Job Started ===
[2026-03-16T11:45:00.048Z] [INFO] Starting session status update job
[2026-03-16T11:45:00.060Z] [SUCCESS] Session status update completed. Total updated: 0
[2026-03-16T11:45:00.060Z] [INFO] === Session Status Update Job Completed ===
[2026-03-16T11:57:35.628Z] [INFO] Initializing cron jobs...
[2026-03-16T11:57:35.704Z] [INFO] Session status updater cron job scheduled (runs every 15 mins
[2026-03-16T11:57:35.712Z] [INFO] Session reminder cron job scheduled (runs daily at 08:00)
[2026-03-16T11:57:35.713Z] [INFO] All cron jobs initialized successfully
